x2025/05/28 10:44:47 - mmengine - INFO - 
------------------------------------------------------------
System environment:
    sys.platform: linux
    Python: 3.8.17 | packaged by conda-forge | (default, Jun 16 2023, 07:06:00) [GCC 11.4.0]
    CUDA available: True
    MUSA available: False
    numpy_random_seed: 404958810
    GPU 0: NVIDIA RTX A6000
    CUDA_HOME: /usr/local/cuda
    NVCC: Cuda compilation tools, release 12.6, V12.6.77
    GCC: gcc (Ubuntu 9.4.0-1ubuntu1~20.04.2) 9.4.0
    PyTorch: 1.13.0+cu117
    PyTorch compiling details: PyTorch built with:
  - GCC 9.3
  - C++ Version: 201402
  - Intel(R) Math Kernel Library Version 2020.0.0 Product Build 20191122 for Intel(R) 64 architecture applications
  - Intel(R) MKL-DNN v2.6.0 (Git Hash 52b5f107dd9cf10910aaa19cb47f3abf9b349815)
  - OpenMP 201511 (a.k.a. OpenMP 4.5)
  - LAPACK is enabled (usually provided by MKL)
  - NNPACK is enabled
  - CPU capability usage: AVX2
  - CUDA Runtime 11.7
  - NVCC architecture flags: -gencode;arch=compute_37,code=sm_37;-gencode;arch=compute_50,code=sm_50;-gencode;arch=compute_60,code=sm_60;-gencode;arch=compute_70,code=sm_70;-gencode;arch=compute_75,code=sm_75;-gencode;arch=compute_80,code=sm_80;-gencode;arch=compute_86,code=sm_86
  - CuDNN 8.5
  - Magma 2.6.1
  - Build settings: BLAS_INFO=mkl, BUILD_TYPE=Release, CUDA_VERSION=11.7, CUDNN_VERSION=8.5.0, CXX_COMPILER=/opt/rh/devtoolset-9/root/usr/bin/c++, CXX_FLAGS= -fabi-version=11 -Wno-deprecated -fvisibility-inlines-hidden -DUSE_PTHREADPOOL -fopenmp -DNDEBUG -DUSE_KINETO -DUSE_FBGEMM -DUSE_QNNPACK -DUSE_PYTORCH_QNNPACK -DUSE_XNNPACK -DSYMBOLICATE_MOBILE_DEBUG_HANDLE -DEDGE_PROFILER_USE_KINETO -O2 -fPIC -Wno-narrowing -Wall -Wextra -Werror=return-type -Werror=non-virtual-dtor -Wno-missing-field-initializers -Wno-type-limits -Wno-array-bounds -Wno-unknown-pragmas -Wunused-local-typedefs -Wno-unused-parameter -Wno-unused-function -Wno-unused-result -Wno-strict-overflow -Wno-strict-aliasing -Wno-error=deprecated-declarations -Wno-stringop-overflow -Wno-psabi -Wno-error=pedantic -Wno-error=redundant-decls -Wno-error=old-style-cast -fdiagnostics-color=always -faligned-new -Wno-unused-but-set-variable -Wno-maybe-uninitialized -fno-math-errno -fno-trapping-math -Werror=format -Werror=cast-function-type -Wno-stringop-overflow, LAPACK_INFO=mkl, PERF_WITH_AVX=1, PERF_WITH_AVX2=1, PERF_WITH_AVX512=1, TORCH_VERSION=1.13.0, USE_CUDA=ON, USE_CUDNN=ON, USE_EXCEPTION_PTR=1, USE_GFLAGS=OFF, USE_GLOG=OFF, USE_MKL=ON, USE_MKLDNN=ON, USE_MPI=OFF, USE_NCCL=ON, USE_NNPACK=ON, USE_OPENMP=ON, USE_ROCM=OFF, 

    TorchVision: 0.14.0+cu117
    OpenCV: 4.8.0
    MMEngine: 0.10.7

Runtime environment:
    cudnn_benchmark: False
    mp_cfg: {'mp_start_method': 'fork', 'opencv_num_threads': 0}
    dist_cfg: {'backend': 'nccl'}
    seed: 404958810
    Distributed launcher: none
    Distributed training: False
    GPU number: 1
------------------------------------------------------------

2025/05/28 10:44:48 - mmengine - INFO - Config:
auto_scale_lr = dict(base_batch_size=16, enable=False)
backend_args = None
crop_size = (
    800,
    800,
)
custom_imports = dict(
    allow_failed_imports=False, imports=[
        'mmdet.models.backbones',
    ])
data_root = '/data/fourret/ICIP_Challenge'
dataset_type = 'ICIPChallengeDataset'
default_hooks = dict(
    checkpoint=dict(interval=3, type='CheckpointHook'),
    logger=dict(interval=50, type='LoggerHook'),
    param_scheduler=dict(type='ParamSchedulerHook'),
    sampler_seed=dict(type='DistSamplerSeedHook'),
    timer=dict(type='IterTimerHook'),
    visualization=dict(type='DetVisualizationHook'))
default_scope = 'mmdet'
env_cfg = dict(
    cudnn_benchmark=False,
    dist_cfg=dict(backend='nccl'),
    mp_cfg=dict(mp_start_method='fork', opencv_num_threads=0))
launcher = 'none'
load_from = None
log_level = 'INFO'
log_processor = dict(by_epoch=True, type='LogProcessor', window_size=50)
model = dict(
    backbone=dict(
        attn_drop_rate=0.0,
        depth=24,
        drop_path_rate=0.3,
        drop_rate=0.0,
        embed_dim=1024,
        img_size=800,
        interval=6,
        mlp_ratio=4,
        num_heads=16,
        out_indices=[
            7,
            11,
            15,
            23,
        ],
        patch_size=16,
        pretrained=
        '/home/fourret/ICIP_challenge/MTP/last_vit_l_rvsa_ss_is_rd_pretrn_model.pth',
        qk_scale=None,
        qkv_bias=True,
        type='RVSA_MTP_branches',
        use_abs_pos_emb=True,
        use_checkpoint=True),
    data_preprocessor=dict(
        bgr_to_rgb=True,
        mean=[
            123.675,
            116.28,
            103.53,
        ],
        pad_size_divisor=32,
        std=[
            58.395,
            57.12,
            57.375,
        ],
        type='DetDataPreprocessor'),
    neck=dict(
        in_channels=[
            1024,
            1024,
            1024,
            1024,
        ],
        num_outs=5,
        out_channels=256,
        type='FPN'),
    roi_head=dict(
        bbox_head=dict(
            bbox_coder=dict(
                target_means=[
                    0.0,
                    0.0,
                    0.0,
                    0.0,
                ],
                target_stds=[
                    0.1,
                    0.1,
                    0.2,
                    0.2,
                ],
                type='DeltaXYWHBBoxCoder'),
            fc_out_channels=1024,
            in_channels=256,
            loss_bbox=dict(loss_weight=1.0, type='L1Loss'),
            loss_cls=dict(
                loss_weight=1.0, type='CrossEntropyLoss', use_sigmoid=False),
            num_classes=14,
            reg_class_agnostic=False,
            roi_feat_size=7,
            type='Shared2FCBBoxHead'),
        bbox_roi_extractor=dict(
            featmap_strides=[
                4,
                8,
                16,
                32,
            ],
            out_channels=256,
            roi_layer=dict(output_size=7, sampling_ratio=0, type='RoIAlign'),
            type='SingleRoIExtractor'),
        type='StandardRoIHead'),
    rpn_head=dict(
        anchor_generator=dict(
            ratios=[
                0.5,
                1.0,
                2.0,
            ],
            scales=[
                8,
            ],
            strides=[
                4,
                8,
                16,
                32,
                64,
            ],
            type='AnchorGenerator'),
        bbox_coder=dict(
            target_means=[
                0.0,
                0.0,
                0.0,
                0.0,
            ],
            target_stds=[
                1.0,
                1.0,
                1.0,
                1.0,
            ],
            type='DeltaXYWHBBoxCoder'),
        feat_channels=256,
        in_channels=256,
        loss_bbox=dict(loss_weight=1.0, type='L1Loss'),
        loss_cls=dict(
            loss_weight=1.0, type='CrossEntropyLoss', use_sigmoid=True),
        type='RPNHead'),
    test_cfg=dict(
        rcnn=dict(
            max_per_img=100,
            nms=dict(iou_threshold=0.5, type='nms'),
            score_thr=0.05),
        rpn=dict(
            max_per_img=1000,
            min_bbox_size=0,
            nms=dict(iou_threshold=0.7, type='nms'),
            nms_pre=1000)),
    train_cfg=dict(
        rcnn=dict(
            assigner=dict(
                ignore_iof_thr=-1,
                match_low_quality=False,
                min_pos_iou=0.5,
                neg_iou_thr=0.5,
                pos_iou_thr=0.5,
                type='MaxIoUAssigner'),
            debug=False,
            pos_weight=-1,
            sampler=dict(
                add_gt_as_proposals=True,
                neg_pos_ub=-1,
                num=512,
                pos_fraction=0.25,
                type='RandomSampler')),
        rpn=dict(
            allowed_border=-1,
            assigner=dict(
                ignore_iof_thr=-1,
                match_low_quality=True,
                min_pos_iou=0.3,
                neg_iou_thr=0.3,
                pos_iou_thr=0.7,
                type='MaxIoUAssigner'),
            debug=False,
            pos_weight=-1,
            sampler=dict(
                add_gt_as_proposals=False,
                neg_pos_ub=-1,
                num=256,
                pos_fraction=0.5,
                type='RandomSampler')),
        rpn_proposal=dict(
            max_per_img=1000,
            min_bbox_size=0,
            nms=dict(iou_threshold=0.7, type='nms'),
            nms_pre=2000)),
    type='FasterRCNN')
model_wrapper = dict(
    detect_anomalous_params=False,
    find_unused_parameters=False,
    type='MMDistributedDataParallel')
optim_wrapper = dict(
    constructor='LayerDecayOptimizerConstructor_ViT',
    optimizer=dict(
        betas=(
            0.9,
            0.999,
        ), lr=0.0001, type='AdamW', weight_decay=0.05),
    paramwise_cfg=dict(layer_decay_rate=0.9, num_layers=24))
param_scheduler = [
    dict(
        begin=0, by_epoch=False, end=500, start_factor=1e-06, type='LinearLR'),
    dict(
        begin=0,
        by_epoch=True,
        end=12,
        gamma=0.1,
        milestones=[
            8,
            11,
        ],
        type='MultiStepLR'),
]
resume = False
test_cfg = dict(type='TestLoop')
test_dataloader = dict(
    batch_size=16,
    dataset=dict(
        ann_file='valid/_annotations.coco.json',
        backend_args=None,
        data_prefix=dict(img='valid'),
        data_root='/data/fourret/ICIP_Challenge',
        pipeline=[
            dict(backend_args=None, type='LoadImageFromFile'),
            dict(keep_ratio=True, scale=(
                800,
                800,
            ), type='Resize'),
            dict(type='LoadAnnotations', with_bbox=True),
            dict(
                meta_keys=(
                    'img_id',
                    'img_path',
                    'ori_shape',
                    'img_shape',
                    'scale_factor',
                ),
                type='PackDetInputs'),
        ],
        test_mode=True,
        type='ICIPChallengeDataset'),
    drop_last=False,
    num_workers=8,
    persistent_workers=True,
    sampler=dict(shuffle=False, type='DefaultSampler'))
test_evaluator = dict(
    ann_file='/data/fourret/ICIP_Challenge/valid/_annotations.coco.json',
    backend_args=None,
    format_only=False,
    metric='bbox',
    type='CocoMetric')
test_pipeline = [
    dict(backend_args=None, type='LoadImageFromFile'),
    dict(keep_ratio=True, scale=(
        800,
        800,
    ), type='Resize'),
    dict(type='LoadAnnotations', with_bbox=True),
    dict(
        meta_keys=(
            'img_id',
            'img_path',
            'ori_shape',
            'img_shape',
            'scale_factor',
        ),
        type='PackDetInputs'),
]
train_cfg = dict(max_epochs=12, type='EpochBasedTrainLoop', val_interval=3)
train_dataloader = dict(
    batch_sampler=dict(type='AspectRatioBatchSampler'),
    batch_size=16,
    dataset=dict(
        ann_file='train/_annotations.coco.json',
        backend_args=None,
        data_prefix=dict(img='train'),
        data_root='/data/fourret/ICIP_Challenge',
        filter_cfg=dict(filter_empty_gt=True, min_size=32),
        pipeline=[
            dict(backend_args=None, type='LoadImageFromFile'),
            dict(type='LoadAnnotations', with_bbox=True),
            dict(keep_ratio=True, scale=(
                800,
                800,
            ), type='Resize'),
            dict(prob=0.5, type='RandomFlip'),
            dict(type='PackDetInputs'),
        ],
        type='ICIPChallengeDataset'),
    num_workers=8,
    persistent_workers=True,
    sampler=dict(shuffle=True, type='DefaultSampler'))
train_pipeline = [
    dict(backend_args=None, type='LoadImageFromFile'),
    dict(type='LoadAnnotations', with_bbox=True),
    dict(keep_ratio=True, scale=(
        800,
        800,
    ), type='Resize'),
    dict(prob=0.5, type='RandomFlip'),
    dict(type='PackDetInputs'),
]
val_cfg = dict(type='ValLoop')
val_dataloader = dict(
    batch_size=16,
    dataset=dict(
        ann_file='valid/_annotations.coco.json',
        backend_args=None,
        data_prefix=dict(img='valid'),
        data_root='/data/fourret/ICIP_Challenge',
        pipeline=[
            dict(backend_args=None, type='LoadImageFromFile'),
            dict(keep_ratio=True, scale=(
                800,
                800,
            ), type='Resize'),
            dict(type='LoadAnnotations', with_bbox=True),
            dict(
                meta_keys=(
                    'img_id',
                    'img_path',
                    'ori_shape',
                    'img_shape',
                    'scale_factor',
                ),
                type='PackDetInputs'),
        ],
        test_mode=True,
        type='ICIPChallengeDataset'),
    drop_last=False,
    num_workers=8,
    persistent_workers=True,
    sampler=dict(shuffle=False, type='DefaultSampler'))
val_evaluator = dict(
    ann_file='/data/fourret/ICIP_Challenge/valid/_annotations.coco.json',
    backend_args=None,
    format_only=False,
    metric='bbox',
    type='CocoMetric')
vis_backends = [
    dict(type='LocalVisBackend'),
]
visualizer = dict(
    name='visualizer',
    type='DetLocalVisualizer',
    vis_backends=[
        dict(type='LocalVisBackend'),
    ])
work_dir = '../RS_Tasks_Finetune/Horizontal_Detection/work_dirs_from_pretrained'

2025/05/28 10:44:55 - mmengine - INFO - Distributed training is not used, all SyncBatchNorm (SyncBN) layers in the model will be automatically reverted to BatchNormXd layers if they are used.
2025/05/28 10:44:55 - mmengine - INFO - Hooks will be executed in the following order:
before_run:
(VERY_HIGH   ) RuntimeInfoHook                    
(BELOW_NORMAL) LoggerHook                         
 -------------------- 
before_train:
(VERY_HIGH   ) RuntimeInfoHook                    
(NORMAL      ) IterTimerHook                      
(VERY_LOW    ) CheckpointHook                     
 -------------------- 
before_train_epoch:
(VERY_HIGH   ) RuntimeInfoHook                    
(NORMAL      ) IterTimerHook                      
(NORMAL      ) DistSamplerSeedHook                
 -------------------- 
before_train_iter:
(VERY_HIGH   ) RuntimeInfoHook                    
(NORMAL      ) IterTimerHook                      
 -------------------- 
after_train_iter:
(VERY_HIGH   ) RuntimeInfoHook                    
(NORMAL      ) IterTimerHook                      
(BELOW_NORMAL) LoggerHook                         
(LOW         ) ParamSchedulerHook                 
(VERY_LOW    ) CheckpointHook                     
 -------------------- 
after_train_epoch:
(NORMAL      ) IterTimerHook                      
(LOW         ) ParamSchedulerHook                 
(VERY_LOW    ) CheckpointHook                     
 -------------------- 
before_val:
(VERY_HIGH   ) RuntimeInfoHook                    
 -------------------- 
before_val_epoch:
(NORMAL      ) IterTimerHook                      
 -------------------- 
before_val_iter:
(NORMAL      ) IterTimerHook                      
 -------------------- 
after_val_iter:
(NORMAL      ) IterTimerHook                      
(NORMAL      ) DetVisualizationHook               
(BELOW_NORMAL) LoggerHook                         
 -------------------- 
after_val_epoch:
(VERY_HIGH   ) RuntimeInfoHook                    
(NORMAL      ) IterTimerHook                      
(BELOW_NORMAL) LoggerHook                         
(LOW         ) ParamSchedulerHook                 
(VERY_LOW    ) CheckpointHook                     
 -------------------- 
after_val:
(VERY_HIGH   ) RuntimeInfoHook                    
 -------------------- 
after_train:
(VERY_HIGH   ) RuntimeInfoHook                    
(VERY_LOW    ) CheckpointHook                     
 -------------------- 
before_test:
(VERY_HIGH   ) RuntimeInfoHook                    
 -------------------- 
before_test_epoch:
(NORMAL      ) IterTimerHook                      
 -------------------- 
before_test_iter:
(NORMAL      ) IterTimerHook                      
 -------------------- 
after_test_iter:
(NORMAL      ) IterTimerHook                      
(NORMAL      ) DetVisualizationHook               
(BELOW_NORMAL) LoggerHook                         
 -------------------- 
after_test_epoch:
(VERY_HIGH   ) RuntimeInfoHook                    
(NORMAL      ) IterTimerHook                      
(BELOW_NORMAL) LoggerHook                         
 -------------------- 
after_test:
(VERY_HIGH   ) RuntimeInfoHook                    
 -------------------- 
after_run:
(BELOW_NORMAL) LoggerHook                         
 -------------------- 
Name of parameter - Initialization information

backbone.pos_embed - torch.Size([1, 2500, 1024]): 
Initialized by user-defined `init_weights` in RVSA_MTP_branches  

backbone.patch_embed.proj.weight - torch.Size([1024, 3, 16, 16]): 
Initialized by user-defined `init_weights` in RVSA_MTP_branches  

backbone.patch_embed.proj.bias - torch.Size([1024]): 
Initialized by user-defined `init_weights` in RVSA_MTP_branches  

backbone.blocks.0.norm1.weight - torch.Size([1024]): 
Initialized by user-defined `init_weights` in RVSA_MTP_branches  

backbone.blocks.0.norm1.bias - torch.Size([1024]): 
Initialized by user-defined `init_weights` in RVSA_MTP_branches  

backbone.blocks.0.attn.rel_pos_h - torch.Size([13, 64]): 
Initialized by user-defined `init_weights` in RVSA_MTP_branches  

backbone.blocks.0.attn.rel_pos_w - torch.Size([13, 64]): 
Initialized by user-defined `init_weights` in RVSA_MTP_branches  

backbone.blocks.0.attn.relative_position_bias_table - torch.Size([169, 16]): 
Initialized by user-defined `init_weights` in RVSA_MTP_branches  

backbone.blocks.0.attn.sampling_offsets.2.weight - torch.Size([32, 1024, 1, 1]): 
Initialized by user-defined `init_weights` in RVSA_MTP_branches  

backbone.blocks.0.attn.sampling_offsets.2.bias - torch.Size([32]): 
Initialized by user-defined `init_weights` in RVSA_MTP_branches  

backbone.blocks.0.attn.sampling_scales.2.weight - torch.Size([32, 1024, 1, 1]): 
Initialized by user-defined `init_weights` in RVSA_MTP_branches  

backbone.blocks.0.attn.sampling_scales.2.bias - torch.Size([32]): 
Initialized by user-defined `init_weights` in RVSA_MTP_branches  

backbone.blocks.0.attn.sampling_angles.2.weight - torch.Size([16, 1024, 1, 1]): 
Initialized by user-defined `init_weights` in RVSA_MTP_branches  

backbone.blocks.0.attn.sampling_angles.2.bias - torch.Size([16]): 
Initialized by user-defined `init_weights` in RVSA_MTP_branches  

backbone.blocks.0.attn.qkv.weight - torch.Size([3072, 1024]): 
Initialized by user-defined `init_weights` in RVSA_MTP_branches  

backbone.blocks.0.attn.qkv.bias - torch.Size([3072]): 
Initialized by user-defined `init_weights` in RVSA_MTP_branches  

backbone.blocks.0.attn.proj.weight - torch.Size([1024, 1024]): 
Initialized by user-defined `init_weights` in RVSA_MTP_branches  

backbone.blocks.0.attn.proj.bias - torch.Size([1024]): 
Initialized by user-defined `init_weights` in RVSA_MTP_branches  

backbone.blocks.0.norm2.weight - torch.Size([1024]): 
Initialized by user-defined `init_weights` in RVSA_MTP_branches  

backbone.blocks.0.norm2.bias - torch.Size([1024]): 
Initialized by user-defined `init_weights` in RVSA_MTP_branches  

backbone.blocks.0.mlp.fc1.weight - torch.Size([4096, 1024]): 
Initialized by user-defined `init_weights` in RVSA_MTP_branches  

backbone.blocks.0.mlp.fc1.bias - torch.Size([4096]): 
Initialized by user-defined `init_weights` in RVSA_MTP_branches  

backbone.blocks.0.mlp.fc2.weight - torch.Size([1024, 4096]): 
Initialized by user-defined `init_weights` in RVSA_MTP_branches  

backbone.blocks.0.mlp.fc2.bias - torch.Size([1024]): 
Initialized by user-defined `init_weights` in RVSA_MTP_branches  

backbone.blocks.1.norm1.weight - torch.Size([1024]): 
Initialized by user-defined `init_weights` in RVSA_MTP_branches  

backbone.blocks.1.norm1.bias - torch.Size([1024]): 
Initialized by user-defined `init_weights` in RVSA_MTP_branches  

backbone.blocks.1.attn.rel_pos_h - torch.Size([13, 64]): 
Initialized by user-defined `init_weights` in RVSA_MTP_branches  

backbone.blocks.1.attn.rel_pos_w - torch.Size([13, 64]): 
Initialized by user-defined `init_weights` in RVSA_MTP_branches  

backbone.blocks.1.attn.relative_position_bias_table - torch.Size([169, 16]): 
Initialized by user-defined `init_weights` in RVSA_MTP_branches  

backbone.blocks.1.attn.sampling_offsets.2.weight - torch.Size([32, 1024, 1, 1]): 
Initialized by user-defined `init_weights` in RVSA_MTP_branches  

backbone.blocks.1.attn.sampling_offsets.2.bias - torch.Size([32]): 
Initialized by user-defined `init_weights` in RVSA_MTP_branches  

backbone.blocks.1.attn.sampling_scales.2.weight - torch.Size([32, 1024, 1, 1]): 
Initialized by user-defined `init_weights` in RVSA_MTP_branches  

backbone.blocks.1.attn.sampling_scales.2.bias - torch.Size([32]): 
Initialized by user-defined `init_weights` in RVSA_MTP_branches  

backbone.blocks.1.attn.sampling_angles.2.weight - torch.Size([16, 1024, 1, 1]): 
Initialized by user-defined `init_weights` in RVSA_MTP_branches  

backbone.blocks.1.attn.sampling_angles.2.bias - torch.Size([16]): 
Initialized by user-defined `init_weights` in RVSA_MTP_branches  

backbone.blocks.1.attn.qkv.weight - torch.Size([3072, 1024]): 
Initialized by user-defined `init_weights` in RVSA_MTP_branches  

backbone.blocks.1.attn.qkv.bias - torch.Size([3072]): 
Initialized by user-defined `init_weights` in RVSA_MTP_branches  

backbone.blocks.1.attn.proj.weight - torch.Size([1024, 1024]): 
Initialized by user-defined `init_weights` in RVSA_MTP_branches  

backbone.blocks.1.attn.proj.bias - torch.Size([1024]): 
Initialized by user-defined `init_weights` in RVSA_MTP_branches  

backbone.blocks.1.norm2.weight - torch.Size([1024]): 
Initialized by user-defined `init_weights` in RVSA_MTP_branches  

backbone.blocks.1.norm2.bias - torch.Size([1024]): 
Initialized by user-defined `init_weights` in RVSA_MTP_branches  

backbone.blocks.1.mlp.fc1.weight - torch.Size([4096, 1024]): 
Initialized by user-defined `init_weights` in RVSA_MTP_branches  

backbone.blocks.1.mlp.fc1.bias - torch.Size([4096]): 
Initialized by user-defined `init_weights` in RVSA_MTP_branches  

backbone.blocks.1.mlp.fc2.weight - torch.Size([1024, 4096]): 
Initialized by user-defined `init_weights` in RVSA_MTP_branches  

backbone.blocks.1.mlp.fc2.bias - torch.Size([1024]): 
Initialized by user-defined `init_weights` in RVSA_MTP_branches  

backbone.blocks.2.norm1.weight - torch.Size([1024]): 
Initialized by user-defined `init_weights` in RVSA_MTP_branches  

backbone.blocks.2.norm1.bias - torch.Size([1024]): 
Initialized by user-defined `init_weights` in RVSA_MTP_branches  

backbone.blocks.2.attn.rel_pos_h - torch.Size([13, 64]): 
Initialized by user-defined `init_weights` in RVSA_MTP_branches  

backbone.blocks.2.attn.rel_pos_w - torch.Size([13, 64]): 
Initialized by user-defined `init_weights` in RVSA_MTP_branches  

backbone.blocks.2.attn.relative_position_bias_table - torch.Size([169, 16]): 
Initialized by user-defined `init_weights` in RVSA_MTP_branches  

backbone.blocks.2.attn.sampling_offsets.2.weight - torch.Size([32, 1024, 1, 1]): 
Initialized by user-defined `init_weights` in RVSA_MTP_branches  

backbone.blocks.2.attn.sampling_offsets.2.bias - torch.Size([32]): 
Initialized by user-defined `init_weights` in RVSA_MTP_branches  

backbone.blocks.2.attn.sampling_scales.2.weight - torch.Size([32, 1024, 1, 1]): 
Initialized by user-defined `init_weights` in RVSA_MTP_branches  

backbone.blocks.2.attn.sampling_scales.2.bias - torch.Size([32]): 
Initialized by user-defined `init_weights` in RVSA_MTP_branches  

backbone.blocks.2.attn.sampling_angles.2.weight - torch.Size([16, 1024, 1, 1]): 
Initialized by user-defined `init_weights` in RVSA_MTP_branches  

backbone.blocks.2.attn.sampling_angles.2.bias - torch.Size([16]): 
Initialized by user-defined `init_weights` in RVSA_MTP_branches  

backbone.blocks.2.attn.qkv.weight - torch.Size([3072, 1024]): 
Initialized by user-defined `init_weights` in RVSA_MTP_branches  

backbone.blocks.2.attn.qkv.bias - torch.Size([3072]): 
Initialized by user-defined `init_weights` in RVSA_MTP_branches  

backbone.blocks.2.attn.proj.weight - torch.Size([1024, 1024]): 
Initialized by user-defined `init_weights` in RVSA_MTP_branches  

backbone.blocks.2.attn.proj.bias - torch.Size([1024]): 
Initialized by user-defined `init_weights` in RVSA_MTP_branches  

backbone.blocks.2.norm2.weight - torch.Size([1024]): 
Initialized by user-defined `init_weights` in RVSA_MTP_branches  

backbone.blocks.2.norm2.bias - torch.Size([1024]): 
Initialized by user-defined `init_weights` in RVSA_MTP_branches  

backbone.blocks.2.mlp.fc1.weight - torch.Size([4096, 1024]): 
Initialized by user-defined `init_weights` in RVSA_MTP_branches  

backbone.blocks.2.mlp.fc1.bias - torch.Size([4096]): 
Initialized by user-defined `init_weights` in RVSA_MTP_branches  

backbone.blocks.2.mlp.fc2.weight - torch.Size([1024, 4096]): 
Initialized by user-defined `init_weights` in RVSA_MTP_branches  

backbone.blocks.2.mlp.fc2.bias - torch.Size([1024]): 
Initialized by user-defined `init_weights` in RVSA_MTP_branches  

backbone.blocks.3.norm1.weight - torch.Size([1024]): 
Initialized by user-defined `init_weights` in RVSA_MTP_branches  

backbone.blocks.3.norm1.bias - torch.Size([1024]): 
Initialized by user-defined `init_weights` in RVSA_MTP_branches  

backbone.blocks.3.attn.rel_pos_h - torch.Size([13, 64]): 
Initialized by user-defined `init_weights` in RVSA_MTP_branches  

backbone.blocks.3.attn.rel_pos_w - torch.Size([13, 64]): 
Initialized by user-defined `init_weights` in RVSA_MTP_branches  

backbone.blocks.3.attn.relative_position_bias_table - torch.Size([169, 16]): 
Initialized by user-defined `init_weights` in RVSA_MTP_branches  

backbone.blocks.3.attn.sampling_offsets.2.weight - torch.Size([32, 1024, 1, 1]): 
Initialized by user-defined `init_weights` in RVSA_MTP_branches  

backbone.blocks.3.attn.sampling_offsets.2.bias - torch.Size([32]): 
Initialized by user-defined `init_weights` in RVSA_MTP_branches  

backbone.blocks.3.attn.sampling_scales.2.weight - torch.Size([32, 1024, 1, 1]): 
Initialized by user-defined `init_weights` in RVSA_MTP_branches  

backbone.blocks.3.attn.sampling_scales.2.bias - torch.Size([32]): 
Initialized by user-defined `init_weights` in RVSA_MTP_branches  

backbone.blocks.3.attn.sampling_angles.2.weight - torch.Size([16, 1024, 1, 1]): 
Initialized by user-defined `init_weights` in RVSA_MTP_branches  

backbone.blocks.3.attn.sampling_angles.2.bias - torch.Size([16]): 
Initialized by user-defined `init_weights` in RVSA_MTP_branches  

backbone.blocks.3.attn.qkv.weight - torch.Size([3072, 1024]): 
Initialized by user-defined `init_weights` in RVSA_MTP_branches  

backbone.blocks.3.attn.qkv.bias - torch.Size([3072]): 
Initialized by user-defined `init_weights` in RVSA_MTP_branches  

backbone.blocks.3.attn.proj.weight - torch.Size([1024, 1024]): 
Initialized by user-defined `init_weights` in RVSA_MTP_branches  

backbone.blocks.3.attn.proj.bias - torch.Size([1024]): 
Initialized by user-defined `init_weights` in RVSA_MTP_branches  

backbone.blocks.3.norm2.weight - torch.Size([1024]): 
Initialized by user-defined `init_weights` in RVSA_MTP_branches  

backbone.blocks.3.norm2.bias - torch.Size([1024]): 
Initialized by user-defined `init_weights` in RVSA_MTP_branches  

backbone.blocks.3.mlp.fc1.weight - torch.Size([4096, 1024]): 
Initialized by user-defined `init_weights` in RVSA_MTP_branches  

backbone.blocks.3.mlp.fc1.bias - torch.Size([4096]): 
Initialized by user-defined `init_weights` in RVSA_MTP_branches  

backbone.blocks.3.mlp.fc2.weight - torch.Size([1024, 4096]): 
Initialized by user-defined `init_weights` in RVSA_MTP_branches  

backbone.blocks.3.mlp.fc2.bias - torch.Size([1024]): 
Initialized by user-defined `init_weights` in RVSA_MTP_branches  

backbone.blocks.4.norm1.weight - torch.Size([1024]): 
Initialized by user-defined `init_weights` in RVSA_MTP_branches  

backbone.blocks.4.norm1.bias - torch.Size([1024]): 
Initialized by user-defined `init_weights` in RVSA_MTP_branches  

backbone.blocks.4.attn.rel_pos_h - torch.Size([13, 64]): 
Initialized by user-defined `init_weights` in RVSA_MTP_branches  

backbone.blocks.4.attn.rel_pos_w - torch.Size([13, 64]): 
Initialized by user-defined `init_weights` in RVSA_MTP_branches  

backbone.blocks.4.attn.relative_position_bias_table - torch.Size([169, 16]): 
Initialized by user-defined `init_weights` in RVSA_MTP_branches  

backbone.blocks.4.attn.sampling_offsets.2.weight - torch.Size([32, 1024, 1, 1]): 
Initialized by user-defined `init_weights` in RVSA_MTP_branches  

backbone.blocks.4.attn.sampling_offsets.2.bias - torch.Size([32]): 
Initialized by user-defined `init_weights` in RVSA_MTP_branches  

backbone.blocks.4.attn.sampling_scales.2.weight - torch.Size([32, 1024, 1, 1]): 
Initialized by user-defined `init_weights` in RVSA_MTP_branches  

backbone.blocks.4.attn.sampling_scales.2.bias - torch.Size([32]): 
Initialized by user-defined `init_weights` in RVSA_MTP_branches  

backbone.blocks.4.attn.sampling_angles.2.weight - torch.Size([16, 1024, 1, 1]): 
Initialized by user-defined `init_weights` in RVSA_MTP_branches  

backbone.blocks.4.attn.sampling_angles.2.bias - torch.Size([16]): 
Initialized by user-defined `init_weights` in RVSA_MTP_branches  

backbone.blocks.4.attn.qkv.weight - torch.Size([3072, 1024]): 
Initialized by user-defined `init_weights` in RVSA_MTP_branches  

backbone.blocks.4.attn.qkv.bias - torch.Size([3072]): 
Initialized by user-defined `init_weights` in RVSA_MTP_branches  

backbone.blocks.4.attn.proj.weight - torch.Size([1024, 1024]): 
Initialized by user-defined `init_weights` in RVSA_MTP_branches  

backbone.blocks.4.attn.proj.bias - torch.Size([1024]): 
Initialized by user-defined `init_weights` in RVSA_MTP_branches  

backbone.blocks.4.norm2.weight - torch.Size([1024]): 
Initialized by user-defined `init_weights` in RVSA_MTP_branches  

backbone.blocks.4.norm2.bias - torch.Size([1024]): 
Initialized by user-defined `init_weights` in RVSA_MTP_branches  

backbone.blocks.4.mlp.fc1.weight - torch.Size([4096, 1024]): 
Initialized by user-defined `init_weights` in RVSA_MTP_branches  

backbone.blocks.4.mlp.fc1.bias - torch.Size([4096]): 
Initialized by user-defined `init_weights` in RVSA_MTP_branches  

backbone.blocks.4.mlp.fc2.weight - torch.Size([1024, 4096]): 
Initialized by user-defined `init_weights` in RVSA_MTP_branches  

backbone.blocks.4.mlp.fc2.bias - torch.Size([1024]): 
Initialized by user-defined `init_weights` in RVSA_MTP_branches  

backbone.blocks.5.norm1.weight - torch.Size([1024]): 
Initialized by user-defined `init_weights` in RVSA_MTP_branches  

backbone.blocks.5.norm1.bias - torch.Size([1024]): 
Initialized by user-defined `init_weights` in RVSA_MTP_branches  

backbone.blocks.5.attn.qkv.weight - torch.Size([3072, 1024]): 
Initialized by user-defined `init_weights` in RVSA_MTP_branches  

backbone.blocks.5.attn.qkv.bias - torch.Size([3072]): 
Initialized by user-defined `init_weights` in RVSA_MTP_branches  

backbone.blocks.5.attn.proj.weight - torch.Size([1024, 1024]): 
Initialized by user-defined `init_weights` in RVSA_MTP_branches  

backbone.blocks.5.attn.proj.bias - torch.Size([1024]): 
Initialized by user-defined `init_weights` in RVSA_MTP_branches  

backbone.blocks.5.norm2.weight - torch.Size([1024]): 
Initialized by user-defined `init_weights` in RVSA_MTP_branches  

backbone.blocks.5.norm2.bias - torch.Size([1024]): 
Initialized by user-defined `init_weights` in RVSA_MTP_branches  

backbone.blocks.5.mlp.fc1.weight - torch.Size([4096, 1024]): 
Initialized by user-defined `init_weights` in RVSA_MTP_branches  

backbone.blocks.5.mlp.fc1.bias - torch.Size([4096]): 
Initialized by user-defined `init_weights` in RVSA_MTP_branches  

backbone.blocks.5.mlp.fc2.weight - torch.Size([1024, 4096]): 
Initialized by user-defined `init_weights` in RVSA_MTP_branches  

backbone.blocks.5.mlp.fc2.bias - torch.Size([1024]): 
Initialized by user-defined `init_weights` in RVSA_MTP_branches  

backbone.blocks.6.norm1.weight - torch.Size([1024]): 
Initialized by user-defined `init_weights` in RVSA_MTP_branches  

backbone.blocks.6.norm1.bias - torch.Size([1024]): 
Initialized by user-defined `init_weights` in RVSA_MTP_branches  

backbone.blocks.6.attn.rel_pos_h - torch.Size([13, 64]): 
Initialized by user-defined `init_weights` in RVSA_MTP_branches  

backbone.blocks.6.attn.rel_pos_w - torch.Size([13, 64]): 
Initialized by user-defined `init_weights` in RVSA_MTP_branches  

backbone.blocks.6.attn.relative_position_bias_table - torch.Size([169, 16]): 
Initialized by user-defined `init_weights` in RVSA_MTP_branches  

backbone.blocks.6.attn.sampling_offsets.2.weight - torch.Size([32, 1024, 1, 1]): 
Initialized by user-defined `init_weights` in RVSA_MTP_branches  

backbone.blocks.6.attn.sampling_offsets.2.bias - torch.Size([32]): 
Initialized by user-defined `init_weights` in RVSA_MTP_branches  

backbone.blocks.6.attn.sampling_scales.2.weight - torch.Size([32, 1024, 1, 1]): 
Initialized by user-defined `init_weights` in RVSA_MTP_branches  

backbone.blocks.6.attn.sampling_scales.2.bias - torch.Size([32]): 
Initialized by user-defined `init_weights` in RVSA_MTP_branches  

backbone.blocks.6.attn.sampling_angles.2.weight - torch.Size([16, 1024, 1, 1]): 
Initialized by user-defined `init_weights` in RVSA_MTP_branches  

backbone.blocks.6.attn.sampling_angles.2.bias - torch.Size([16]): 
Initialized by user-defined `init_weights` in RVSA_MTP_branches  

backbone.blocks.6.attn.qkv.weight - torch.Size([3072, 1024]): 
Initialized by user-defined `init_weights` in RVSA_MTP_branches  

backbone.blocks.6.attn.qkv.bias - torch.Size([3072]): 
Initialized by user-defined `init_weights` in RVSA_MTP_branches  

backbone.blocks.6.attn.proj.weight - torch.Size([1024, 1024]): 
Initialized by user-defined `init_weights` in RVSA_MTP_branches  

backbone.blocks.6.attn.proj.bias - torch.Size([1024]): 
Initialized by user-defined `init_weights` in RVSA_MTP_branches  

backbone.blocks.6.norm2.weight - torch.Size([1024]): 
Initialized by user-defined `init_weights` in RVSA_MTP_branches  

backbone.blocks.6.norm2.bias - torch.Size([1024]): 
Initialized by user-defined `init_weights` in RVSA_MTP_branches  

backbone.blocks.6.mlp.fc1.weight - torch.Size([4096, 1024]): 
Initialized by user-defined `init_weights` in RVSA_MTP_branches  

backbone.blocks.6.mlp.fc1.bias - torch.Size([4096]): 
Initialized by user-defined `init_weights` in RVSA_MTP_branches  

backbone.blocks.6.mlp.fc2.weight - torch.Size([1024, 4096]): 
Initialized by user-defined `init_weights` in RVSA_MTP_branches  

backbone.blocks.6.mlp.fc2.bias - torch.Size([1024]): 
Initialized by user-defined `init_weights` in RVSA_MTP_branches  

backbone.blocks.7.norm1.weight - torch.Size([1024]): 
Initialized by user-defined `init_weights` in RVSA_MTP_branches  

backbone.blocks.7.norm1.bias - torch.Size([1024]): 
Initialized by user-defined `init_weights` in RVSA_MTP_branches  

backbone.blocks.7.attn.rel_pos_h - torch.Size([13, 64]): 
Initialized by user-defined `init_weights` in RVSA_MTP_branches  

backbone.blocks.7.attn.rel_pos_w - torch.Size([13, 64]): 
Initialized by user-defined `init_weights` in RVSA_MTP_branches  

backbone.blocks.7.attn.relative_position_bias_table - torch.Size([169, 16]): 
Initialized by user-defined `init_weights` in RVSA_MTP_branches  

backbone.blocks.7.attn.sampling_offsets.2.weight - torch.Size([32, 1024, 1, 1]): 
Initialized by user-defined `init_weights` in RVSA_MTP_branches  

backbone.blocks.7.attn.sampling_offsets.2.bias - torch.Size([32]): 
Initialized by user-defined `init_weights` in RVSA_MTP_branches  

backbone.blocks.7.attn.sampling_scales.2.weight - torch.Size([32, 1024, 1, 1]): 
Initialized by user-defined `init_weights` in RVSA_MTP_branches  

backbone.blocks.7.attn.sampling_scales.2.bias - torch.Size([32]): 
Initialized by user-defined `init_weights` in RVSA_MTP_branches  

backbone.blocks.7.attn.sampling_angles.2.weight - torch.Size([16, 1024, 1, 1]): 
Initialized by user-defined `init_weights` in RVSA_MTP_branches  

backbone.blocks.7.attn.sampling_angles.2.bias - torch.Size([16]): 
Initialized by user-defined `init_weights` in RVSA_MTP_branches  

backbone.blocks.7.attn.qkv.weight - torch.Size([3072, 1024]): 
Initialized by user-defined `init_weights` in RVSA_MTP_branches  

backbone.blocks.7.attn.qkv.bias - torch.Size([3072]): 
Initialized by user-defined `init_weights` in RVSA_MTP_branches  

backbone.blocks.7.attn.proj.weight - torch.Size([1024, 1024]): 
Initialized by user-defined `init_weights` in RVSA_MTP_branches  

backbone.blocks.7.attn.proj.bias - torch.Size([1024]): 
Initialized by user-defined `init_weights` in RVSA_MTP_branches  

backbone.blocks.7.norm2.weight - torch.Size([1024]): 
Initialized by user-defined `init_weights` in RVSA_MTP_branches  

backbone.blocks.7.norm2.bias - torch.Size([1024]): 
Initialized by user-defined `init_weights` in RVSA_MTP_branches  

backbone.blocks.7.mlp.fc1.weight - torch.Size([4096, 1024]): 
Initialized by user-defined `init_weights` in RVSA_MTP_branches  

backbone.blocks.7.mlp.fc1.bias - torch.Size([4096]): 
Initialized by user-defined `init_weights` in RVSA_MTP_branches  

backbone.blocks.7.mlp.fc2.weight - torch.Size([1024, 4096]): 
Initialized by user-defined `init_weights` in RVSA_MTP_branches  

backbone.blocks.7.mlp.fc2.bias - torch.Size([1024]): 
Initialized by user-defined `init_weights` in RVSA_MTP_branches  

backbone.blocks.8.norm1.weight - torch.Size([1024]): 
Initialized by user-defined `init_weights` in RVSA_MTP_branches  

backbone.blocks.8.norm1.bias - torch.Size([1024]): 
Initialized by user-defined `init_weights` in RVSA_MTP_branches  

backbone.blocks.8.attn.rel_pos_h - torch.Size([13, 64]): 
Initialized by user-defined `init_weights` in RVSA_MTP_branches  

backbone.blocks.8.attn.rel_pos_w - torch.Size([13, 64]): 
Initialized by user-defined `init_weights` in RVSA_MTP_branches  

backbone.blocks.8.attn.relative_position_bias_table - torch.Size([169, 16]): 
Initialized by user-defined `init_weights` in RVSA_MTP_branches  

backbone.blocks.8.attn.sampling_offsets.2.weight - torch.Size([32, 1024, 1, 1]): 
Initialized by user-defined `init_weights` in RVSA_MTP_branches  

backbone.blocks.8.attn.sampling_offsets.2.bias - torch.Size([32]): 
Initialized by user-defined `init_weights` in RVSA_MTP_branches  

backbone.blocks.8.attn.sampling_scales.2.weight - torch.Size([32, 1024, 1, 1]): 
Initialized by user-defined `init_weights` in RVSA_MTP_branches  

backbone.blocks.8.attn.sampling_scales.2.bias - torch.Size([32]): 
Initialized by user-defined `init_weights` in RVSA_MTP_branches  

backbone.blocks.8.attn.sampling_angles.2.weight - torch.Size([16, 1024, 1, 1]): 
Initialized by user-defined `init_weights` in RVSA_MTP_branches  

backbone.blocks.8.attn.sampling_angles.2.bias - torch.Size([16]): 
Initialized by user-defined `init_weights` in RVSA_MTP_branches  

backbone.blocks.8.attn.qkv.weight - torch.Size([3072, 1024]): 
Initialized by user-defined `init_weights` in RVSA_MTP_branches  

backbone.blocks.8.attn.qkv.bias - torch.Size([3072]): 
Initialized by user-defined `init_weights` in RVSA_MTP_branches  

backbone.blocks.8.attn.proj.weight - torch.Size([1024, 1024]): 
Initialized by user-defined `init_weights` in RVSA_MTP_branches  

backbone.blocks.8.attn.proj.bias - torch.Size([1024]): 
Initialized by user-defined `init_weights` in RVSA_MTP_branches  

backbone.blocks.8.norm2.weight - torch.Size([1024]): 
Initialized by user-defined `init_weights` in RVSA_MTP_branches  

backbone.blocks.8.norm2.bias - torch.Size([1024]): 
Initialized by user-defined `init_weights` in RVSA_MTP_branches  

backbone.blocks.8.mlp.fc1.weight - torch.Size([4096, 1024]): 
Initialized by user-defined `init_weights` in RVSA_MTP_branches  

backbone.blocks.8.mlp.fc1.bias - torch.Size([4096]): 
Initialized by user-defined `init_weights` in RVSA_MTP_branches  

backbone.blocks.8.mlp.fc2.weight - torch.Size([1024, 4096]): 
Initialized by user-defined `init_weights` in RVSA_MTP_branches  

backbone.blocks.8.mlp.fc2.bias - torch.Size([1024]): 
Initialized by user-defined `init_weights` in RVSA_MTP_branches  

backbone.blocks.9.norm1.weight - torch.Size([1024]): 
Initialized by user-defined `init_weights` in RVSA_MTP_branches  

backbone.blocks.9.norm1.bias - torch.Size([1024]): 
Initialized by user-defined `init_weights` in RVSA_MTP_branches  

backbone.blocks.9.attn.rel_pos_h - torch.Size([13, 64]): 
Initialized by user-defined `init_weights` in RVSA_MTP_branches  

backbone.blocks.9.attn.rel_pos_w - torch.Size([13, 64]): 
Initialized by user-defined `init_weights` in RVSA_MTP_branches  

backbone.blocks.9.attn.relative_position_bias_table - torch.Size([169, 16]): 
Initialized by user-defined `init_weights` in RVSA_MTP_branches  

backbone.blocks.9.attn.sampling_offsets.2.weight - torch.Size([32, 1024, 1, 1]): 
Initialized by user-defined `init_weights` in RVSA_MTP_branches  

backbone.blocks.9.attn.sampling_offsets.2.bias - torch.Size([32]): 
Initialized by user-defined `init_weights` in RVSA_MTP_branches  

backbone.blocks.9.attn.sampling_scales.2.weight - torch.Size([32, 1024, 1, 1]): 
Initialized by user-defined `init_weights` in RVSA_MTP_branches  

backbone.blocks.9.attn.sampling_scales.2.bias - torch.Size([32]): 
Initialized by user-defined `init_weights` in RVSA_MTP_branches  

backbone.blocks.9.attn.sampling_angles.2.weight - torch.Size([16, 1024, 1, 1]): 
Initialized by user-defined `init_weights` in RVSA_MTP_branches  

backbone.blocks.9.attn.sampling_angles.2.bias - torch.Size([16]): 
Initialized by user-defined `init_weights` in RVSA_MTP_branches  

backbone.blocks.9.attn.qkv.weight - torch.Size([3072, 1024]): 
Initialized by user-defined `init_weights` in RVSA_MTP_branches  

backbone.blocks.9.attn.qkv.bias - torch.Size([3072]): 
Initialized by user-defined `init_weights` in RVSA_MTP_branches  

backbone.blocks.9.attn.proj.weight - torch.Size([1024, 1024]): 
Initialized by user-defined `init_weights` in RVSA_MTP_branches  

backbone.blocks.9.attn.proj.bias - torch.Size([1024]): 
Initialized by user-defined `init_weights` in RVSA_MTP_branches  

backbone.blocks.9.norm2.weight - torch.Size([1024]): 
Initialized by user-defined `init_weights` in RVSA_MTP_branches  

backbone.blocks.9.norm2.bias - torch.Size([1024]): 
Initialized by user-defined `init_weights` in RVSA_MTP_branches  

backbone.blocks.9.mlp.fc1.weight - torch.Size([4096, 1024]): 
Initialized by user-defined `init_weights` in RVSA_MTP_branches  

backbone.blocks.9.mlp.fc1.bias - torch.Size([4096]): 
Initialized by user-defined `init_weights` in RVSA_MTP_branches  

backbone.blocks.9.mlp.fc2.weight - torch.Size([1024, 4096]): 
Initialized by user-defined `init_weights` in RVSA_MTP_branches  

backbone.blocks.9.mlp.fc2.bias - torch.Size([1024]): 
Initialized by user-defined `init_weights` in RVSA_MTP_branches  

backbone.blocks.10.norm1.weight - torch.Size([1024]): 
Initialized by user-defined `init_weights` in RVSA_MTP_branches  

backbone.blocks.10.norm1.bias - torch.Size([1024]): 
Initialized by user-defined `init_weights` in RVSA_MTP_branches  

backbone.blocks.10.attn.rel_pos_h - torch.Size([13, 64]): 
Initialized by user-defined `init_weights` in RVSA_MTP_branches  

backbone.blocks.10.attn.rel_pos_w - torch.Size([13, 64]): 
Initialized by user-defined `init_weights` in RVSA_MTP_branches  

backbone.blocks.10.attn.relative_position_bias_table - torch.Size([169, 16]): 
Initialized by user-defined `init_weights` in RVSA_MTP_branches  

backbone.blocks.10.attn.sampling_offsets.2.weight - torch.Size([32, 1024, 1, 1]): 
Initialized by user-defined `init_weights` in RVSA_MTP_branches  

backbone.blocks.10.attn.sampling_offsets.2.bias - torch.Size([32]): 
Initialized by user-defined `init_weights` in RVSA_MTP_branches  

backbone.blocks.10.attn.sampling_scales.2.weight - torch.Size([32, 1024, 1, 1]): 
Initialized by user-defined `init_weights` in RVSA_MTP_branches  

backbone.blocks.10.attn.sampling_scales.2.bias - torch.Size([32]): 
Initialized by user-defined `init_weights` in RVSA_MTP_branches  

backbone.blocks.10.attn.sampling_angles.2.weight - torch.Size([16, 1024, 1, 1]): 
Initialized by user-defined `init_weights` in RVSA_MTP_branches  

backbone.blocks.10.attn.sampling_angles.2.bias - torch.Size([16]): 
Initialized by user-defined `init_weights` in RVSA_MTP_branches  

backbone.blocks.10.attn.qkv.weight - torch.Size([3072, 1024]): 
Initialized by user-defined `init_weights` in RVSA_MTP_branches  

backbone.blocks.10.attn.qkv.bias - torch.Size([3072]): 
Initialized by user-defined `init_weights` in RVSA_MTP_branches  

backbone.blocks.10.attn.proj.weight - torch.Size([1024, 1024]): 
Initialized by user-defined `init_weights` in RVSA_MTP_branches  

backbone.blocks.10.attn.proj.bias - torch.Size([1024]): 
Initialized by user-defined `init_weights` in RVSA_MTP_branches  

backbone.blocks.10.norm2.weight - torch.Size([1024]): 
Initialized by user-defined `init_weights` in RVSA_MTP_branches  

backbone.blocks.10.norm2.bias - torch.Size([1024]): 
Initialized by user-defined `init_weights` in RVSA_MTP_branches  

backbone.blocks.10.mlp.fc1.weight - torch.Size([4096, 1024]): 
Initialized by user-defined `init_weights` in RVSA_MTP_branches  

backbone.blocks.10.mlp.fc1.bias - torch.Size([4096]): 
Initialized by user-defined `init_weights` in RVSA_MTP_branches  

backbone.blocks.10.mlp.fc2.weight - torch.Size([1024, 4096]): 
Initialized by user-defined `init_weights` in RVSA_MTP_branches  

backbone.blocks.10.mlp.fc2.bias - torch.Size([1024]): 
Initialized by user-defined `init_weights` in RVSA_MTP_branches  

backbone.blocks.11.norm1.weight - torch.Size([1024]): 
Initialized by user-defined `init_weights` in RVSA_MTP_branches  

backbone.blocks.11.norm1.bias - torch.Size([1024]): 
Initialized by user-defined `init_weights` in RVSA_MTP_branches  

backbone.blocks.11.attn.qkv.weight - torch.Size([3072, 1024]): 
Initialized by user-defined `init_weights` in RVSA_MTP_branches  

backbone.blocks.11.attn.qkv.bias - torch.Size([3072]): 
Initialized by user-defined `init_weights` in RVSA_MTP_branches  

backbone.blocks.11.attn.proj.weight - torch.Size([1024, 1024]): 
Initialized by user-defined `init_weights` in RVSA_MTP_branches  

backbone.blocks.11.attn.proj.bias - torch.Size([1024]): 
Initialized by user-defined `init_weights` in RVSA_MTP_branches  

backbone.blocks.11.norm2.weight - torch.Size([1024]): 
Initialized by user-defined `init_weights` in RVSA_MTP_branches  

backbone.blocks.11.norm2.bias - torch.Size([1024]): 
Initialized by user-defined `init_weights` in RVSA_MTP_branches  

backbone.blocks.11.mlp.fc1.weight - torch.Size([4096, 1024]): 
Initialized by user-defined `init_weights` in RVSA_MTP_branches  

backbone.blocks.11.mlp.fc1.bias - torch.Size([4096]): 
Initialized by user-defined `init_weights` in RVSA_MTP_branches  

backbone.blocks.11.mlp.fc2.weight - torch.Size([1024, 4096]): 
Initialized by user-defined `init_weights` in RVSA_MTP_branches  

backbone.blocks.11.mlp.fc2.bias - torch.Size([1024]): 
Initialized by user-defined `init_weights` in RVSA_MTP_branches  

backbone.blocks.12.norm1.weight - torch.Size([1024]): 
Initialized by user-defined `init_weights` in RVSA_MTP_branches  

backbone.blocks.12.norm1.bias - torch.Size([1024]): 
Initialized by user-defined `init_weights` in RVSA_MTP_branches  

backbone.blocks.12.attn.rel_pos_h - torch.Size([13, 64]): 
Initialized by user-defined `init_weights` in RVSA_MTP_branches  

backbone.blocks.12.attn.rel_pos_w - torch.Size([13, 64]): 
Initialized by user-defined `init_weights` in RVSA_MTP_branches  

backbone.blocks.12.attn.relative_position_bias_table - torch.Size([169, 16]): 
Initialized by user-defined `init_weights` in RVSA_MTP_branches  

backbone.blocks.12.attn.sampling_offsets.2.weight - torch.Size([32, 1024, 1, 1]): 
Initialized by user-defined `init_weights` in RVSA_MTP_branches  

backbone.blocks.12.attn.sampling_offsets.2.bias - torch.Size([32]): 
Initialized by user-defined `init_weights` in RVSA_MTP_branches  

backbone.blocks.12.attn.sampling_scales.2.weight - torch.Size([32, 1024, 1, 1]): 
Initialized by user-defined `init_weights` in RVSA_MTP_branches  

backbone.blocks.12.attn.sampling_scales.2.bias - torch.Size([32]): 
Initialized by user-defined `init_weights` in RVSA_MTP_branches  

backbone.blocks.12.attn.sampling_angles.2.weight - torch.Size([16, 1024, 1, 1]): 
Initialized by user-defined `init_weights` in RVSA_MTP_branches  

backbone.blocks.12.attn.sampling_angles.2.bias - torch.Size([16]): 
Initialized by user-defined `init_weights` in RVSA_MTP_branches  

backbone.blocks.12.attn.qkv.weight - torch.Size([3072, 1024]): 
Initialized by user-defined `init_weights` in RVSA_MTP_branches  

backbone.blocks.12.attn.qkv.bias - torch.Size([3072]): 
Initialized by user-defined `init_weights` in RVSA_MTP_branches  

backbone.blocks.12.attn.proj.weight - torch.Size([1024, 1024]): 
Initialized by user-defined `init_weights` in RVSA_MTP_branches  

backbone.blocks.12.attn.proj.bias - torch.Size([1024]): 
Initialized by user-defined `init_weights` in RVSA_MTP_branches  

backbone.blocks.12.norm2.weight - torch.Size([1024]): 
Initialized by user-defined `init_weights` in RVSA_MTP_branches  

backbone.blocks.12.norm2.bias - torch.Size([1024]): 
Initialized by user-defined `init_weights` in RVSA_MTP_branches  

backbone.blocks.12.mlp.fc1.weight - torch.Size([4096, 1024]): 
Initialized by user-defined `init_weights` in RVSA_MTP_branches  

backbone.blocks.12.mlp.fc1.bias - torch.Size([4096]): 
Initialized by user-defined `init_weights` in RVSA_MTP_branches  

backbone.blocks.12.mlp.fc2.weight - torch.Size([1024, 4096]): 
Initialized by user-defined `init_weights` in RVSA_MTP_branches  

backbone.blocks.12.mlp.fc2.bias - torch.Size([1024]): 
Initialized by user-defined `init_weights` in RVSA_MTP_branches  

backbone.blocks.13.norm1.weight - torch.Size([1024]): 
Initialized by user-defined `init_weights` in RVSA_MTP_branches  

backbone.blocks.13.norm1.bias - torch.Size([1024]): 
Initialized by user-defined `init_weights` in RVSA_MTP_branches  

backbone.blocks.13.attn.rel_pos_h - torch.Size([13, 64]): 
Initialized by user-defined `init_weights` in RVSA_MTP_branches  

backbone.blocks.13.attn.rel_pos_w - torch.Size([13, 64]): 
Initialized by user-defined `init_weights` in RVSA_MTP_branches  

backbone.blocks.13.attn.relative_position_bias_table - torch.Size([169, 16]): 
Initialized by user-defined `init_weights` in RVSA_MTP_branches  

backbone.blocks.13.attn.sampling_offsets.2.weight - torch.Size([32, 1024, 1, 1]): 
Initialized by user-defined `init_weights` in RVSA_MTP_branches  

backbone.blocks.13.attn.sampling_offsets.2.bias - torch.Size([32]): 
Initialized by user-defined `init_weights` in RVSA_MTP_branches  

backbone.blocks.13.attn.sampling_scales.2.weight - torch.Size([32, 1024, 1, 1]): 
Initialized by user-defined `init_weights` in RVSA_MTP_branches  

backbone.blocks.13.attn.sampling_scales.2.bias - torch.Size([32]): 
Initialized by user-defined `init_weights` in RVSA_MTP_branches  

backbone.blocks.13.attn.sampling_angles.2.weight - torch.Size([16, 1024, 1, 1]): 
Initialized by user-defined `init_weights` in RVSA_MTP_branches  

backbone.blocks.13.attn.sampling_angles.2.bias - torch.Size([16]): 
Initialized by user-defined `init_weights` in RVSA_MTP_branches  

backbone.blocks.13.attn.qkv.weight - torch.Size([3072, 1024]): 
Initialized by user-defined `init_weights` in RVSA_MTP_branches  

backbone.blocks.13.attn.qkv.bias - torch.Size([3072]): 
Initialized by user-defined `init_weights` in RVSA_MTP_branches  

backbone.blocks.13.attn.proj.weight - torch.Size([1024, 1024]): 
Initialized by user-defined `init_weights` in RVSA_MTP_branches  

backbone.blocks.13.attn.proj.bias - torch.Size([1024]): 
Initialized by user-defined `init_weights` in RVSA_MTP_branches  

backbone.blocks.13.norm2.weight - torch.Size([1024]): 
Initialized by user-defined `init_weights` in RVSA_MTP_branches  

backbone.blocks.13.norm2.bias - torch.Size([1024]): 
Initialized by user-defined `init_weights` in RVSA_MTP_branches  

backbone.blocks.13.mlp.fc1.weight - torch.Size([4096, 1024]): 
Initialized by user-defined `init_weights` in RVSA_MTP_branches  

backbone.blocks.13.mlp.fc1.bias - torch.Size([4096]): 
Initialized by user-defined `init_weights` in RVSA_MTP_branches  

backbone.blocks.13.mlp.fc2.weight - torch.Size([1024, 4096]): 
Initialized by user-defined `init_weights` in RVSA_MTP_branches  

backbone.blocks.13.mlp.fc2.bias - torch.Size([1024]): 
Initialized by user-defined `init_weights` in RVSA_MTP_branches  

backbone.blocks.14.norm1.weight - torch.Size([1024]): 
Initialized by user-defined `init_weights` in RVSA_MTP_branches  

backbone.blocks.14.norm1.bias - torch.Size([1024]): 
Initialized by user-defined `init_weights` in RVSA_MTP_branches  

backbone.blocks.14.attn.rel_pos_h - torch.Size([13, 64]): 
Initialized by user-defined `init_weights` in RVSA_MTP_branches  

backbone.blocks.14.attn.rel_pos_w - torch.Size([13, 64]): 
Initialized by user-defined `init_weights` in RVSA_MTP_branches  

backbone.blocks.14.attn.relative_position_bias_table - torch.Size([169, 16]): 
Initialized by user-defined `init_weights` in RVSA_MTP_branches  

backbone.blocks.14.attn.sampling_offsets.2.weight - torch.Size([32, 1024, 1, 1]): 
Initialized by user-defined `init_weights` in RVSA_MTP_branches  

backbone.blocks.14.attn.sampling_offsets.2.bias - torch.Size([32]): 
Initialized by user-defined `init_weights` in RVSA_MTP_branches  

backbone.blocks.14.attn.sampling_scales.2.weight - torch.Size([32, 1024, 1, 1]): 
Initialized by user-defined `init_weights` in RVSA_MTP_branches  

backbone.blocks.14.attn.sampling_scales.2.bias - torch.Size([32]): 
Initialized by user-defined `init_weights` in RVSA_MTP_branches  

backbone.blocks.14.attn.sampling_angles.2.weight - torch.Size([16, 1024, 1, 1]): 
Initialized by user-defined `init_weights` in RVSA_MTP_branches  

backbone.blocks.14.attn.sampling_angles.2.bias - torch.Size([16]): 
Initialized by user-defined `init_weights` in RVSA_MTP_branches  

backbone.blocks.14.attn.qkv.weight - torch.Size([3072, 1024]): 
Initialized by user-defined `init_weights` in RVSA_MTP_branches  

backbone.blocks.14.attn.qkv.bias - torch.Size([3072]): 
Initialized by user-defined `init_weights` in RVSA_MTP_branches  

backbone.blocks.14.attn.proj.weight - torch.Size([1024, 1024]): 
Initialized by user-defined `init_weights` in RVSA_MTP_branches  

backbone.blocks.14.attn.proj.bias - torch.Size([1024]): 
Initialized by user-defined `init_weights` in RVSA_MTP_branches  

backbone.blocks.14.norm2.weight - torch.Size([1024]): 
Initialized by user-defined `init_weights` in RVSA_MTP_branches  

backbone.blocks.14.norm2.bias - torch.Size([1024]): 
Initialized by user-defined `init_weights` in RVSA_MTP_branches  

backbone.blocks.14.mlp.fc1.weight - torch.Size([4096, 1024]): 
Initialized by user-defined `init_weights` in RVSA_MTP_branches  

backbone.blocks.14.mlp.fc1.bias - torch.Size([4096]): 
Initialized by user-defined `init_weights` in RVSA_MTP_branches  

backbone.blocks.14.mlp.fc2.weight - torch.Size([1024, 4096]): 
Initialized by user-defined `init_weights` in RVSA_MTP_branches  

backbone.blocks.14.mlp.fc2.bias - torch.Size([1024]): 
Initialized by user-defined `init_weights` in RVSA_MTP_branches  

backbone.blocks.15.norm1.weight - torch.Size([1024]): 
Initialized by user-defined `init_weights` in RVSA_MTP_branches  

backbone.blocks.15.norm1.bias - torch.Size([1024]): 
Initialized by user-defined `init_weights` in RVSA_MTP_branches  

backbone.blocks.15.attn.rel_pos_h - torch.Size([13, 64]): 
Initialized by user-defined `init_weights` in RVSA_MTP_branches  

backbone.blocks.15.attn.rel_pos_w - torch.Size([13, 64]): 
Initialized by user-defined `init_weights` in RVSA_MTP_branches  

backbone.blocks.15.attn.relative_position_bias_table - torch.Size([169, 16]): 
Initialized by user-defined `init_weights` in RVSA_MTP_branches  

backbone.blocks.15.attn.sampling_offsets.2.weight - torch.Size([32, 1024, 1, 1]): 
Initialized by user-defined `init_weights` in RVSA_MTP_branches  

backbone.blocks.15.attn.sampling_offsets.2.bias - torch.Size([32]): 
Initialized by user-defined `init_weights` in RVSA_MTP_branches  

backbone.blocks.15.attn.sampling_scales.2.weight - torch.Size([32, 1024, 1, 1]): 
Initialized by user-defined `init_weights` in RVSA_MTP_branches  

backbone.blocks.15.attn.sampling_scales.2.bias - torch.Size([32]): 
Initialized by user-defined `init_weights` in RVSA_MTP_branches  

backbone.blocks.15.attn.sampling_angles.2.weight - torch.Size([16, 1024, 1, 1]): 
Initialized by user-defined `init_weights` in RVSA_MTP_branches  

backbone.blocks.15.attn.sampling_angles.2.bias - torch.Size([16]): 
Initialized by user-defined `init_weights` in RVSA_MTP_branches  

backbone.blocks.15.attn.qkv.weight - torch.Size([3072, 1024]): 
Initialized by user-defined `init_weights` in RVSA_MTP_branches  

backbone.blocks.15.attn.qkv.bias - torch.Size([3072]): 
Initialized by user-defined `init_weights` in RVSA_MTP_branches  

backbone.blocks.15.attn.proj.weight - torch.Size([1024, 1024]): 
Initialized by user-defined `init_weights` in RVSA_MTP_branches  

backbone.blocks.15.attn.proj.bias - torch.Size([1024]): 
Initialized by user-defined `init_weights` in RVSA_MTP_branches  

backbone.blocks.15.norm2.weight - torch.Size([1024]): 
Initialized by user-defined `init_weights` in RVSA_MTP_branches  

backbone.blocks.15.norm2.bias - torch.Size([1024]): 
Initialized by user-defined `init_weights` in RVSA_MTP_branches  

backbone.blocks.15.mlp.fc1.weight - torch.Size([4096, 1024]): 
Initialized by user-defined `init_weights` in RVSA_MTP_branches  

backbone.blocks.15.mlp.fc1.bias - torch.Size([4096]): 
Initialized by user-defined `init_weights` in RVSA_MTP_branches  

backbone.blocks.15.mlp.fc2.weight - torch.Size([1024, 4096]): 
Initialized by user-defined `init_weights` in RVSA_MTP_branches  

backbone.blocks.15.mlp.fc2.bias - torch.Size([1024]): 
Initialized by user-defined `init_weights` in RVSA_MTP_branches  

backbone.blocks.16.norm1.weight - torch.Size([1024]): 
Initialized by user-defined `init_weights` in RVSA_MTP_branches  

backbone.blocks.16.norm1.bias - torch.Size([1024]): 
Initialized by user-defined `init_weights` in RVSA_MTP_branches  

backbone.blocks.16.attn.rel_pos_h - torch.Size([13, 64]): 
Initialized by user-defined `init_weights` in RVSA_MTP_branches  

backbone.blocks.16.attn.rel_pos_w - torch.Size([13, 64]): 
Initialized by user-defined `init_weights` in RVSA_MTP_branches  

backbone.blocks.16.attn.relative_position_bias_table - torch.Size([169, 16]): 
Initialized by user-defined `init_weights` in RVSA_MTP_branches  

backbone.blocks.16.attn.sampling_offsets.2.weight - torch.Size([32, 1024, 1, 1]): 
Initialized by user-defined `init_weights` in RVSA_MTP_branches  

backbone.blocks.16.attn.sampling_offsets.2.bias - torch.Size([32]): 
Initialized by user-defined `init_weights` in RVSA_MTP_branches  

backbone.blocks.16.attn.sampling_scales.2.weight - torch.Size([32, 1024, 1, 1]): 
Initialized by user-defined `init_weights` in RVSA_MTP_branches  

backbone.blocks.16.attn.sampling_scales.2.bias - torch.Size([32]): 
Initialized by user-defined `init_weights` in RVSA_MTP_branches  

backbone.blocks.16.attn.sampling_angles.2.weight - torch.Size([16, 1024, 1, 1]): 
Initialized by user-defined `init_weights` in RVSA_MTP_branches  

backbone.blocks.16.attn.sampling_angles.2.bias - torch.Size([16]): 
Initialized by user-defined `init_weights` in RVSA_MTP_branches  

backbone.blocks.16.attn.qkv.weight - torch.Size([3072, 1024]): 
Initialized by user-defined `init_weights` in RVSA_MTP_branches  

backbone.blocks.16.attn.qkv.bias - torch.Size([3072]): 
Initialized by user-defined `init_weights` in RVSA_MTP_branches  

backbone.blocks.16.attn.proj.weight - torch.Size([1024, 1024]): 
Initialized by user-defined `init_weights` in RVSA_MTP_branches  

backbone.blocks.16.attn.proj.bias - torch.Size([1024]): 
Initialized by user-defined `init_weights` in RVSA_MTP_branches  

backbone.blocks.16.norm2.weight - torch.Size([1024]): 
Initialized by user-defined `init_weights` in RVSA_MTP_branches  

backbone.blocks.16.norm2.bias - torch.Size([1024]): 
Initialized by user-defined `init_weights` in RVSA_MTP_branches  

backbone.blocks.16.mlp.fc1.weight - torch.Size([4096, 1024]): 
Initialized by user-defined `init_weights` in RVSA_MTP_branches  

backbone.blocks.16.mlp.fc1.bias - torch.Size([4096]): 
Initialized by user-defined `init_weights` in RVSA_MTP_branches  

backbone.blocks.16.mlp.fc2.weight - torch.Size([1024, 4096]): 
Initialized by user-defined `init_weights` in RVSA_MTP_branches  

backbone.blocks.16.mlp.fc2.bias - torch.Size([1024]): 
Initialized by user-defined `init_weights` in RVSA_MTP_branches  

backbone.blocks.17.norm1.weight - torch.Size([1024]): 
Initialized by user-defined `init_weights` in RVSA_MTP_branches  

backbone.blocks.17.norm1.bias - torch.Size([1024]): 
Initialized by user-defined `init_weights` in RVSA_MTP_branches  

backbone.blocks.17.attn.qkv.weight - torch.Size([3072, 1024]): 
Initialized by user-defined `init_weights` in RVSA_MTP_branches  

backbone.blocks.17.attn.qkv.bias - torch.Size([3072]): 
Initialized by user-defined `init_weights` in RVSA_MTP_branches  

backbone.blocks.17.attn.proj.weight - torch.Size([1024, 1024]): 
Initialized by user-defined `init_weights` in RVSA_MTP_branches  

backbone.blocks.17.attn.proj.bias - torch.Size([1024]): 
Initialized by user-defined `init_weights` in RVSA_MTP_branches  

backbone.blocks.17.norm2.weight - torch.Size([1024]): 
Initialized by user-defined `init_weights` in RVSA_MTP_branches  

backbone.blocks.17.norm2.bias - torch.Size([1024]): 
Initialized by user-defined `init_weights` in RVSA_MTP_branches  

backbone.blocks.17.mlp.fc1.weight - torch.Size([4096, 1024]): 
Initialized by user-defined `init_weights` in RVSA_MTP_branches  

backbone.blocks.17.mlp.fc1.bias - torch.Size([4096]): 
Initialized by user-defined `init_weights` in RVSA_MTP_branches  

backbone.blocks.17.mlp.fc2.weight - torch.Size([1024, 4096]): 
Initialized by user-defined `init_weights` in RVSA_MTP_branches  

backbone.blocks.17.mlp.fc2.bias - torch.Size([1024]): 
Initialized by user-defined `init_weights` in RVSA_MTP_branches  

backbone.blocks.18.norm1.weight - torch.Size([1024]): 
Initialized by user-defined `init_weights` in RVSA_MTP_branches  

backbone.blocks.18.norm1.bias - torch.Size([1024]): 
Initialized by user-defined `init_weights` in RVSA_MTP_branches  

backbone.blocks.18.attn.rel_pos_h - torch.Size([13, 64]): 
Initialized by user-defined `init_weights` in RVSA_MTP_branches  

backbone.blocks.18.attn.rel_pos_w - torch.Size([13, 64]): 
Initialized by user-defined `init_weights` in RVSA_MTP_branches  

backbone.blocks.18.attn.relative_position_bias_table - torch.Size([169, 16]): 
Initialized by user-defined `init_weights` in RVSA_MTP_branches  

backbone.blocks.18.attn.sampling_offsets.2.weight - torch.Size([32, 1024, 1, 1]): 
Initialized by user-defined `init_weights` in RVSA_MTP_branches  

backbone.blocks.18.attn.sampling_offsets.2.bias - torch.Size([32]): 
Initialized by user-defined `init_weights` in RVSA_MTP_branches  

backbone.blocks.18.attn.sampling_scales.2.weight - torch.Size([32, 1024, 1, 1]): 
Initialized by user-defined `init_weights` in RVSA_MTP_branches  

backbone.blocks.18.attn.sampling_scales.2.bias - torch.Size([32]): 
Initialized by user-defined `init_weights` in RVSA_MTP_branches  

backbone.blocks.18.attn.sampling_angles.2.weight - torch.Size([16, 1024, 1, 1]): 
Initialized by user-defined `init_weights` in RVSA_MTP_branches  

backbone.blocks.18.attn.sampling_angles.2.bias - torch.Size([16]): 
Initialized by user-defined `init_weights` in RVSA_MTP_branches  

backbone.blocks.18.attn.qkv.weight - torch.Size([3072, 1024]): 
Initialized by user-defined `init_weights` in RVSA_MTP_branches  

backbone.blocks.18.attn.qkv.bias - torch.Size([3072]): 
Initialized by user-defined `init_weights` in RVSA_MTP_branches  

backbone.blocks.18.attn.proj.weight - torch.Size([1024, 1024]): 
Initialized by user-defined `init_weights` in RVSA_MTP_branches  

backbone.blocks.18.attn.proj.bias - torch.Size([1024]): 
Initialized by user-defined `init_weights` in RVSA_MTP_branches  

backbone.blocks.18.norm2.weight - torch.Size([1024]): 
Initialized by user-defined `init_weights` in RVSA_MTP_branches  

backbone.blocks.18.norm2.bias - torch.Size([1024]): 
Initialized by user-defined `init_weights` in RVSA_MTP_branches  

backbone.blocks.18.mlp.fc1.weight - torch.Size([4096, 1024]): 
Initialized by user-defined `init_weights` in RVSA_MTP_branches  

backbone.blocks.18.mlp.fc1.bias - torch.Size([4096]): 
Initialized by user-defined `init_weights` in RVSA_MTP_branches  

backbone.blocks.18.mlp.fc2.weight - torch.Size([1024, 4096]): 
Initialized by user-defined `init_weights` in RVSA_MTP_branches  

backbone.blocks.18.mlp.fc2.bias - torch.Size([1024]): 
Initialized by user-defined `init_weights` in RVSA_MTP_branches  

backbone.blocks.19.norm1.weight - torch.Size([1024]): 
Initialized by user-defined `init_weights` in RVSA_MTP_branches  

backbone.blocks.19.norm1.bias - torch.Size([1024]): 
Initialized by user-defined `init_weights` in RVSA_MTP_branches  

backbone.blocks.19.attn.rel_pos_h - torch.Size([13, 64]): 
Initialized by user-defined `init_weights` in RVSA_MTP_branches  

backbone.blocks.19.attn.rel_pos_w - torch.Size([13, 64]): 
Initialized by user-defined `init_weights` in RVSA_MTP_branches  

backbone.blocks.19.attn.relative_position_bias_table - torch.Size([169, 16]): 
Initialized by user-defined `init_weights` in RVSA_MTP_branches  

backbone.blocks.19.attn.sampling_offsets.2.weight - torch.Size([32, 1024, 1, 1]): 
Initialized by user-defined `init_weights` in RVSA_MTP_branches  

backbone.blocks.19.attn.sampling_offsets.2.bias - torch.Size([32]): 
Initialized by user-defined `init_weights` in RVSA_MTP_branches  

backbone.blocks.19.attn.sampling_scales.2.weight - torch.Size([32, 1024, 1, 1]): 
Initialized by user-defined `init_weights` in RVSA_MTP_branches  

backbone.blocks.19.attn.sampling_scales.2.bias - torch.Size([32]): 
Initialized by user-defined `init_weights` in RVSA_MTP_branches  

backbone.blocks.19.attn.sampling_angles.2.weight - torch.Size([16, 1024, 1, 1]): 
Initialized by user-defined `init_weights` in RVSA_MTP_branches  

backbone.blocks.19.attn.sampling_angles.2.bias - torch.Size([16]): 
Initialized by user-defined `init_weights` in RVSA_MTP_branches  

backbone.blocks.19.attn.qkv.weight - torch.Size([3072, 1024]): 
Initialized by user-defined `init_weights` in RVSA_MTP_branches  

backbone.blocks.19.attn.qkv.bias - torch.Size([3072]): 
Initialized by user-defined `init_weights` in RVSA_MTP_branches  

backbone.blocks.19.attn.proj.weight - torch.Size([1024, 1024]): 
Initialized by user-defined `init_weights` in RVSA_MTP_branches  

backbone.blocks.19.attn.proj.bias - torch.Size([1024]): 
Initialized by user-defined `init_weights` in RVSA_MTP_branches  

backbone.blocks.19.norm2.weight - torch.Size([1024]): 
Initialized by user-defined `init_weights` in RVSA_MTP_branches  

backbone.blocks.19.norm2.bias - torch.Size([1024]): 
Initialized by user-defined `init_weights` in RVSA_MTP_branches  

backbone.blocks.19.mlp.fc1.weight - torch.Size([4096, 1024]): 
Initialized by user-defined `init_weights` in RVSA_MTP_branches  

backbone.blocks.19.mlp.fc1.bias - torch.Size([4096]): 
Initialized by user-defined `init_weights` in RVSA_MTP_branches  

backbone.blocks.19.mlp.fc2.weight - torch.Size([1024, 4096]): 
Initialized by user-defined `init_weights` in RVSA_MTP_branches  

backbone.blocks.19.mlp.fc2.bias - torch.Size([1024]): 
Initialized by user-defined `init_weights` in RVSA_MTP_branches  

backbone.blocks.20.norm1.weight - torch.Size([1024]): 
Initialized by user-defined `init_weights` in RVSA_MTP_branches  

backbone.blocks.20.norm1.bias - torch.Size([1024]): 
Initialized by user-defined `init_weights` in RVSA_MTP_branches  

backbone.blocks.20.attn.rel_pos_h - torch.Size([13, 64]): 
Initialized by user-defined `init_weights` in RVSA_MTP_branches  

backbone.blocks.20.attn.rel_pos_w - torch.Size([13, 64]): 
Initialized by user-defined `init_weights` in RVSA_MTP_branches  

backbone.blocks.20.attn.relative_position_bias_table - torch.Size([169, 16]): 
Initialized by user-defined `init_weights` in RVSA_MTP_branches  

backbone.blocks.20.attn.sampling_offsets.2.weight - torch.Size([32, 1024, 1, 1]): 
Initialized by user-defined `init_weights` in RVSA_MTP_branches  

backbone.blocks.20.attn.sampling_offsets.2.bias - torch.Size([32]): 
Initialized by user-defined `init_weights` in RVSA_MTP_branches  

backbone.blocks.20.attn.sampling_scales.2.weight - torch.Size([32, 1024, 1, 1]): 
Initialized by user-defined `init_weights` in RVSA_MTP_branches  

backbone.blocks.20.attn.sampling_scales.2.bias - torch.Size([32]): 
Initialized by user-defined `init_weights` in RVSA_MTP_branches  

backbone.blocks.20.attn.sampling_angles.2.weight - torch.Size([16, 1024, 1, 1]): 
Initialized by user-defined `init_weights` in RVSA_MTP_branches  

backbone.blocks.20.attn.sampling_angles.2.bias - torch.Size([16]): 
Initialized by user-defined `init_weights` in RVSA_MTP_branches  

backbone.blocks.20.attn.qkv.weight - torch.Size([3072, 1024]): 
Initialized by user-defined `init_weights` in RVSA_MTP_branches  

backbone.blocks.20.attn.qkv.bias - torch.Size([3072]): 
Initialized by user-defined `init_weights` in RVSA_MTP_branches  

backbone.blocks.20.attn.proj.weight - torch.Size([1024, 1024]): 
Initialized by user-defined `init_weights` in RVSA_MTP_branches  

backbone.blocks.20.attn.proj.bias - torch.Size([1024]): 
Initialized by user-defined `init_weights` in RVSA_MTP_branches  

backbone.blocks.20.norm2.weight - torch.Size([1024]): 
Initialized by user-defined `init_weights` in RVSA_MTP_branches  

backbone.blocks.20.norm2.bias - torch.Size([1024]): 
Initialized by user-defined `init_weights` in RVSA_MTP_branches  

backbone.blocks.20.mlp.fc1.weight - torch.Size([4096, 1024]): 
Initialized by user-defined `init_weights` in RVSA_MTP_branches  

backbone.blocks.20.mlp.fc1.bias - torch.Size([4096]): 
Initialized by user-defined `init_weights` in RVSA_MTP_branches  

backbone.blocks.20.mlp.fc2.weight - torch.Size([1024, 4096]): 
Initialized by user-defined `init_weights` in RVSA_MTP_branches  

backbone.blocks.20.mlp.fc2.bias - torch.Size([1024]): 
Initialized by user-defined `init_weights` in RVSA_MTP_branches  

backbone.blocks.21.norm1.weight - torch.Size([1024]): 
Initialized by user-defined `init_weights` in RVSA_MTP_branches  

backbone.blocks.21.norm1.bias - torch.Size([1024]): 
Initialized by user-defined `init_weights` in RVSA_MTP_branches  

backbone.blocks.21.attn.rel_pos_h - torch.Size([13, 64]): 
Initialized by user-defined `init_weights` in RVSA_MTP_branches  

backbone.blocks.21.attn.rel_pos_w - torch.Size([13, 64]): 
Initialized by user-defined `init_weights` in RVSA_MTP_branches  

backbone.blocks.21.attn.relative_position_bias_table - torch.Size([169, 16]): 
Initialized by user-defined `init_weights` in RVSA_MTP_branches  

backbone.blocks.21.attn.sampling_offsets.2.weight - torch.Size([32, 1024, 1, 1]): 
Initialized by user-defined `init_weights` in RVSA_MTP_branches  

backbone.blocks.21.attn.sampling_offsets.2.bias - torch.Size([32]): 
Initialized by user-defined `init_weights` in RVSA_MTP_branches  

backbone.blocks.21.attn.sampling_scales.2.weight - torch.Size([32, 1024, 1, 1]): 
Initialized by user-defined `init_weights` in RVSA_MTP_branches  

backbone.blocks.21.attn.sampling_scales.2.bias - torch.Size([32]): 
Initialized by user-defined `init_weights` in RVSA_MTP_branches  

backbone.blocks.21.attn.sampling_angles.2.weight - torch.Size([16, 1024, 1, 1]): 
Initialized by user-defined `init_weights` in RVSA_MTP_branches  

backbone.blocks.21.attn.sampling_angles.2.bias - torch.Size([16]): 
Initialized by user-defined `init_weights` in RVSA_MTP_branches  

backbone.blocks.21.attn.qkv.weight - torch.Size([3072, 1024]): 
Initialized by user-defined `init_weights` in RVSA_MTP_branches  

backbone.blocks.21.attn.qkv.bias - torch.Size([3072]): 
Initialized by user-defined `init_weights` in RVSA_MTP_branches  

backbone.blocks.21.attn.proj.weight - torch.Size([1024, 1024]): 
Initialized by user-defined `init_weights` in RVSA_MTP_branches  

backbone.blocks.21.attn.proj.bias - torch.Size([1024]): 
Initialized by user-defined `init_weights` in RVSA_MTP_branches  

backbone.blocks.21.norm2.weight - torch.Size([1024]): 
Initialized by user-defined `init_weights` in RVSA_MTP_branches  

backbone.blocks.21.norm2.bias - torch.Size([1024]): 
Initialized by user-defined `init_weights` in RVSA_MTP_branches  

backbone.blocks.21.mlp.fc1.weight - torch.Size([4096, 1024]): 
Initialized by user-defined `init_weights` in RVSA_MTP_branches  

backbone.blocks.21.mlp.fc1.bias - torch.Size([4096]): 
Initialized by user-defined `init_weights` in RVSA_MTP_branches  

backbone.blocks.21.mlp.fc2.weight - torch.Size([1024, 4096]): 
Initialized by user-defined `init_weights` in RVSA_MTP_branches  

backbone.blocks.21.mlp.fc2.bias - torch.Size([1024]): 
Initialized by user-defined `init_weights` in RVSA_MTP_branches  

backbone.blocks.22.norm1.weight - torch.Size([1024]): 
Initialized by user-defined `init_weights` in RVSA_MTP_branches  

backbone.blocks.22.norm1.bias - torch.Size([1024]): 
Initialized by user-defined `init_weights` in RVSA_MTP_branches  

backbone.blocks.22.attn.rel_pos_h - torch.Size([13, 64]): 
Initialized by user-defined `init_weights` in RVSA_MTP_branches  

backbone.blocks.22.attn.rel_pos_w - torch.Size([13, 64]): 
Initialized by user-defined `init_weights` in RVSA_MTP_branches  

backbone.blocks.22.attn.relative_position_bias_table - torch.Size([169, 16]): 
Initialized by user-defined `init_weights` in RVSA_MTP_branches  

backbone.blocks.22.attn.sampling_offsets.2.weight - torch.Size([32, 1024, 1, 1]): 
Initialized by user-defined `init_weights` in RVSA_MTP_branches  

backbone.blocks.22.attn.sampling_offsets.2.bias - torch.Size([32]): 
Initialized by user-defined `init_weights` in RVSA_MTP_branches  

backbone.blocks.22.attn.sampling_scales.2.weight - torch.Size([32, 1024, 1, 1]): 
Initialized by user-defined `init_weights` in RVSA_MTP_branches  

backbone.blocks.22.attn.sampling_scales.2.bias - torch.Size([32]): 
Initialized by user-defined `init_weights` in RVSA_MTP_branches  

backbone.blocks.22.attn.sampling_angles.2.weight - torch.Size([16, 1024, 1, 1]): 
Initialized by user-defined `init_weights` in RVSA_MTP_branches  

backbone.blocks.22.attn.sampling_angles.2.bias - torch.Size([16]): 
Initialized by user-defined `init_weights` in RVSA_MTP_branches  

backbone.blocks.22.attn.qkv.weight - torch.Size([3072, 1024]): 
Initialized by user-defined `init_weights` in RVSA_MTP_branches  

backbone.blocks.22.attn.qkv.bias - torch.Size([3072]): 
Initialized by user-defined `init_weights` in RVSA_MTP_branches  

backbone.blocks.22.attn.proj.weight - torch.Size([1024, 1024]): 
Initialized by user-defined `init_weights` in RVSA_MTP_branches  

backbone.blocks.22.attn.proj.bias - torch.Size([1024]): 
Initialized by user-defined `init_weights` in RVSA_MTP_branches  

backbone.blocks.22.norm2.weight - torch.Size([1024]): 
Initialized by user-defined `init_weights` in RVSA_MTP_branches  

backbone.blocks.22.norm2.bias - torch.Size([1024]): 
Initialized by user-defined `init_weights` in RVSA_MTP_branches  

backbone.blocks.22.mlp.fc1.weight - torch.Size([4096, 1024]): 
Initialized by user-defined `init_weights` in RVSA_MTP_branches  

backbone.blocks.22.mlp.fc1.bias - torch.Size([4096]): 
Initialized by user-defined `init_weights` in RVSA_MTP_branches  

backbone.blocks.22.mlp.fc2.weight - torch.Size([1024, 4096]): 
Initialized by user-defined `init_weights` in RVSA_MTP_branches  

backbone.blocks.22.mlp.fc2.bias - torch.Size([1024]): 
Initialized by user-defined `init_weights` in RVSA_MTP_branches  

backbone.blocks.23.norm1.weight - torch.Size([1024]): 
Initialized by user-defined `init_weights` in RVSA_MTP_branches  

backbone.blocks.23.norm1.bias - torch.Size([1024]): 
Initialized by user-defined `init_weights` in RVSA_MTP_branches  

backbone.blocks.23.attn.qkv.weight - torch.Size([3072, 1024]): 
Initialized by user-defined `init_weights` in RVSA_MTP_branches  

backbone.blocks.23.attn.qkv.bias - torch.Size([3072]): 
Initialized by user-defined `init_weights` in RVSA_MTP_branches  

backbone.blocks.23.attn.proj.weight - torch.Size([1024, 1024]): 
Initialized by user-defined `init_weights` in RVSA_MTP_branches  

backbone.blocks.23.attn.proj.bias - torch.Size([1024]): 
Initialized by user-defined `init_weights` in RVSA_MTP_branches  

backbone.blocks.23.norm2.weight - torch.Size([1024]): 
Initialized by user-defined `init_weights` in RVSA_MTP_branches  

backbone.blocks.23.norm2.bias - torch.Size([1024]): 
Initialized by user-defined `init_weights` in RVSA_MTP_branches  

backbone.blocks.23.mlp.fc1.weight - torch.Size([4096, 1024]): 
Initialized by user-defined `init_weights` in RVSA_MTP_branches  

backbone.blocks.23.mlp.fc1.bias - torch.Size([4096]): 
Initialized by user-defined `init_weights` in RVSA_MTP_branches  

backbone.blocks.23.mlp.fc2.weight - torch.Size([1024, 4096]): 
Initialized by user-defined `init_weights` in RVSA_MTP_branches  

backbone.blocks.23.mlp.fc2.bias - torch.Size([1024]): 
Initialized by user-defined `init_weights` in RVSA_MTP_branches  

backbone.fpn1.0.weight - torch.Size([1024, 1024, 2, 2]): 
Initialized by user-defined `init_weights` in RVSA_MTP_branches  

backbone.fpn1.0.bias - torch.Size([1024]): 
Initialized by user-defined `init_weights` in RVSA_MTP_branches  

backbone.fpn1.1.ln.weight - torch.Size([1024]): 
Initialized by user-defined `init_weights` in RVSA_MTP_branches  

backbone.fpn1.1.ln.bias - torch.Size([1024]): 
Initialized by user-defined `init_weights` in RVSA_MTP_branches  

backbone.fpn1.3.weight - torch.Size([1024, 1024, 2, 2]): 
Initialized by user-defined `init_weights` in RVSA_MTP_branches  

backbone.fpn1.3.bias - torch.Size([1024]): 
Initialized by user-defined `init_weights` in RVSA_MTP_branches  

backbone.fpn2.0.weight - torch.Size([1024, 1024, 2, 2]): 
Initialized by user-defined `init_weights` in RVSA_MTP_branches  

backbone.fpn2.0.bias - torch.Size([1024]): 
Initialized by user-defined `init_weights` in RVSA_MTP_branches  

neck.lateral_convs.0.conv.weight - torch.Size([256, 1024, 1, 1]): 
XavierInit: gain=1, distribution=uniform, bias=0 

neck.lateral_convs.0.conv.bias - torch.Size([256]): 
The value is the same before and after calling `init_weights` of FasterRCNN  

neck.lateral_convs.1.conv.weight - torch.Size([256, 1024, 1, 1]): 
XavierInit: gain=1, distribution=uniform, bias=0 

neck.lateral_convs.1.conv.bias - torch.Size([256]): 
The value is the same before and after calling `init_weights` of FasterRCNN  

neck.lateral_convs.2.conv.weight - torch.Size([256, 1024, 1, 1]): 
XavierInit: gain=1, distribution=uniform, bias=0 

neck.lateral_convs.2.conv.bias - torch.Size([256]): 
The value is the same before and after calling `init_weights` of FasterRCNN  

neck.lateral_convs.3.conv.weight - torch.Size([256, 1024, 1, 1]): 
XavierInit: gain=1, distribution=uniform, bias=0 

neck.lateral_convs.3.conv.bias - torch.Size([256]): 
The value is the same before and after calling `init_weights` of FasterRCNN  

neck.fpn_convs.0.conv.weight - torch.Size([256, 256, 3, 3]): 
XavierInit: gain=1, distribution=uniform, bias=0 

neck.fpn_convs.0.conv.bias - torch.Size([256]): 
The value is the same before and after calling `init_weights` of FasterRCNN  

neck.fpn_convs.1.conv.weight - torch.Size([256, 256, 3, 3]): 
XavierInit: gain=1, distribution=uniform, bias=0 

neck.fpn_convs.1.conv.bias - torch.Size([256]): 
The value is the same before and after calling `init_weights` of FasterRCNN  

neck.fpn_convs.2.conv.weight - torch.Size([256, 256, 3, 3]): 
XavierInit: gain=1, distribution=uniform, bias=0 

neck.fpn_convs.2.conv.bias - torch.Size([256]): 
The value is the same before and after calling `init_weights` of FasterRCNN  

neck.fpn_convs.3.conv.weight - torch.Size([256, 256, 3, 3]): 
XavierInit: gain=1, distribution=uniform, bias=0 

neck.fpn_convs.3.conv.bias - torch.Size([256]): 
The value is the same before and after calling `init_weights` of FasterRCNN  

rpn_head.rpn_conv.weight - torch.Size([256, 256, 3, 3]): 
NormalInit: mean=0, std=0.01, bias=0 

rpn_head.rpn_conv.bias - torch.Size([256]): 
NormalInit: mean=0, std=0.01, bias=0 

rpn_head.rpn_cls.weight - torch.Size([3, 256, 1, 1]): 
NormalInit: mean=0, std=0.01, bias=0 

rpn_head.rpn_cls.bias - torch.Size([3]): 
NormalInit: mean=0, std=0.01, bias=0 

rpn_head.rpn_reg.weight - torch.Size([12, 256, 1, 1]): 
NormalInit: mean=0, std=0.01, bias=0 

rpn_head.rpn_reg.bias - torch.Size([12]): 
NormalInit: mean=0, std=0.01, bias=0 

roi_head.bbox_head.fc_cls.weight - torch.Size([15, 1024]): 
NormalInit: mean=0, std=0.01, bias=0 

roi_head.bbox_head.fc_cls.bias - torch.Size([15]): 
NormalInit: mean=0, std=0.01, bias=0 

roi_head.bbox_head.fc_reg.weight - torch.Size([56, 1024]): 
NormalInit: mean=0, std=0.001, bias=0 

roi_head.bbox_head.fc_reg.bias - torch.Size([56]): 
NormalInit: mean=0, std=0.001, bias=0 

roi_head.bbox_head.shared_fcs.0.weight - torch.Size([1024, 12544]): 
XavierInit: gain=1, distribution=uniform, bias=0 

roi_head.bbox_head.shared_fcs.0.bias - torch.Size([1024]): 
XavierInit: gain=1, distribution=uniform, bias=0 

roi_head.bbox_head.shared_fcs.1.weight - torch.Size([1024, 1024]): 
XavierInit: gain=1, distribution=uniform, bias=0 

roi_head.bbox_head.shared_fcs.1.bias - torch.Size([1024]): 
XavierInit: gain=1, distribution=uniform, bias=0 
2025/05/28 10:45:00 - mmengine - WARNING - "FileClient" will be deprecated in future. Please use io functions in https://mmengine.readthedocs.io/en/latest/api/fileio.html#file-io
2025/05/28 10:45:00 - mmengine - WARNING - "HardDiskBackend" is the alias of "LocalBackend" and the former will be deprecated in future.
2025/05/28 10:45:00 - mmengine - INFO - Checkpoints will be saved to /home/fourret/ICIP_challenge/MTP/RS_Tasks_Finetune/Horizontal_Detection/work_dirs_from_pretrained.
2025/05/28 10:53:00 - mmengine - INFO - Epoch(train)  [1][ 50/203]  base_lr: 9.8197e-06 lr: 7.0496e-07  eta: 6:21:48  time: 9.6014  data_time: 0.0419  memory: 35011  loss: 2.5567  loss_rpn_cls: 0.6189  loss_rpn_bbox: 0.3298  loss_cls: 1.4330  acc: 91.1133  loss_bbox: 0.1750
2025/05/28 11:00:54 - mmengine - INFO - Epoch(train)  [1][100/203]  base_lr: 1.9840e-05 lr: 1.4243e-06  eta: 6:11:36  time: 9.4882  data_time: 0.0262  memory: 35011  loss: 1.3825  loss_rpn_cls: 0.3842  loss_rpn_bbox: 0.2458  loss_cls: 0.3432  acc: 83.8623  loss_bbox: 0.4093
2025/05/28 11:08:46 - mmengine - INFO - Epoch(train)  [1][150/203]  base_lr: 2.9860e-05 lr: 2.1436e-06  eta: 6:02:14  time: 9.4333  data_time: 0.0259  memory: 35011  loss: 1.4370  loss_rpn_cls: 0.2456  loss_rpn_bbox: 0.2126  loss_cls: 0.3534  acc: 84.8633  loss_bbox: 0.6253
2025/05/28 11:16:37 - mmengine - INFO - Epoch(train)  [1][200/203]  base_lr: 3.9880e-05 lr: 2.8630e-06  eta: 5:53:33  time: 9.4264  data_time: 0.0230  memory: 35011  loss: 1.4058  loss_rpn_cls: 0.1863  loss_rpn_bbox: 0.1911  loss_cls: 0.3913  acc: 84.3140  loss_bbox: 0.6371
2025/05/28 11:16:58 - mmengine - INFO - Exp name: faster_rcnn_rvsa_l_800_mae_mtp_icip_20250528_104445
2025/05/28 11:24:49 - mmengine - INFO - Epoch(train)  [2][ 50/203]  base_lr: 5.0501e-05 lr: 3.6255e-06  eta: 5:43:36  time: 9.4340  data_time: 0.0268  memory: 35011  loss: 1.3451  loss_rpn_cls: 0.1241  loss_rpn_bbox: 0.1681  loss_cls: 0.4270  acc: 82.8735  loss_bbox: 0.6259
2025/05/28 11:32:41 - mmengine - INFO - Epoch(train)  [2][100/203]  base_lr: 6.0521e-05 lr: 4.3448e-06  eta: 5:35:39  time: 9.4303  data_time: 0.0233  memory: 35011  loss: 1.2551  loss_rpn_cls: 0.0985  loss_rpn_bbox: 0.1525  loss_cls: 0.4203  acc: 82.4951  loss_bbox: 0.5838
2025/05/28 11:40:33 - mmengine - INFO - Epoch(train)  [2][150/203]  base_lr: 7.0541e-05 lr: 5.0641e-06  eta: 5:27:45  time: 9.4351  data_time: 0.0231  memory: 35011  loss: 1.1688  loss_rpn_cls: 0.0844  loss_rpn_bbox: 0.1410  loss_cls: 0.4000  acc: 85.1318  loss_bbox: 0.5435
2025/05/28 11:48:24 - mmengine - INFO - Epoch(train)  [2][200/203]  base_lr: 8.0561e-05 lr: 5.7835e-06  eta: 5:19:49  time: 9.4245  data_time: 0.0250  memory: 35011  loss: 1.1212  loss_rpn_cls: 0.0729  loss_rpn_bbox: 0.1340  loss_cls: 0.3939  acc: 83.1299  loss_bbox: 0.5204
2025/05/28 11:48:44 - mmengine - INFO - Exp name: faster_rcnn_rvsa_l_800_mae_mtp_icip_20250528_104445
2025/05/28 11:56:36 - mmengine - INFO - Epoch(train)  [3][ 50/203]  base_lr: 9.1182e-05 lr: 6.5460e-06  eta: 5:10:55  time: 9.4480  data_time: 0.0271  memory: 35011  loss: 1.0706  loss_rpn_cls: 0.0639  loss_rpn_bbox: 0.1300  loss_cls: 0.3803  acc: 84.7534  loss_bbox: 0.4964
2025/05/28 12:04:35 - mmengine - INFO - Epoch(train)  [3][100/203]  base_lr: 1.0000e-04 lr: 7.1790e-06  eta: 5:03:32  time: 9.5695  data_time: 0.0237  memory: 35011  loss: 1.0180  loss_rpn_cls: 0.0583  loss_rpn_bbox: 0.1167  loss_cls: 0.3740  acc: 83.7158  loss_bbox: 0.4690
2025/05/28 12:12:33 - mmengine - INFO - Epoch(train)  [3][150/203]  base_lr: 1.0000e-04 lr: 7.1790e-06  eta: 4:56:03  time: 9.5703  data_time: 0.0229  memory: 35011  loss: 0.9620  loss_rpn_cls: 0.0517  loss_rpn_bbox: 0.1059  loss_cls: 0.3578  acc: 84.7778  loss_bbox: 0.4467
2025/05/28 12:20:32 - mmengine - INFO - Epoch(train)  [3][200/203]  base_lr: 1.0000e-04 lr: 7.1790e-06  eta: 4:48:28  time: 9.5647  data_time: 0.0235  memory: 35011  loss: 0.9432  loss_rpn_cls: 0.0483  loss_rpn_bbox: 0.1084  loss_cls: 0.3504  acc: 85.4370  loss_bbox: 0.4361
2025/05/28 12:20:52 - mmengine - INFO - Exp name: faster_rcnn_rvsa_l_800_mae_mtp_icip_20250528_104445
2025/05/28 12:20:52 - mmengine - INFO - Saving checkpoint at 3 epochs
2025/05/28 12:22:59 - mmengine - INFO - Epoch(val)  [3][50/59]    eta: 0:00:21  time: 2.3919  data_time: 0.0377  memory: 35011  
2025/05/28 12:23:19 - mmengine - INFO - Evaluating bbox...
2025/05/28 12:23:29 - mmengine - INFO - bbox_mAP_copypaste: 0.233 0.432 0.230 0.273 0.204 0.144
2025/05/28 12:23:29 - mmengine - INFO - Epoch(val) [3][59/59]    coco/bbox_mAP: 0.2330  coco/bbox_mAP_50: 0.4320  coco/bbox_mAP_75: 0.2300  coco/bbox_mAP_s: 0.2730  coco/bbox_mAP_m: 0.2040  coco/bbox_mAP_l: 0.1440  data_time: 0.0339  time: 2.3525
2025/05/28 12:31:28 - mmengine - INFO - Epoch(train)  [4][ 50/203]  base_lr: 1.0000e-04 lr: 7.1790e-06  eta: 4:40:02  time: 9.5817  data_time: 0.0264  memory: 35011  loss: 0.9150  loss_rpn_cls: 0.0436  loss_rpn_bbox: 0.1011  loss_cls: 0.3448  acc: 84.9121  loss_bbox: 0.4256
2025/05/28 12:39:27 - mmengine - INFO - Epoch(train)  [4][100/203]  base_lr: 1.0000e-04 lr: 7.1790e-06  eta: 4:32:23  time: 9.5731  data_time: 0.0224  memory: 35011  loss: 0.9059  loss_rpn_cls: 0.0435  loss_rpn_bbox: 0.1009  loss_cls: 0.3396  acc: 84.2163  loss_bbox: 0.4218
2025/05/28 12:47:27 - mmengine - INFO - Epoch(train)  [4][150/203]  base_lr: 1.0000e-04 lr: 7.1790e-06  eta: 4:24:45  time: 9.5977  data_time: 0.0227  memory: 35011  loss: 0.8711  loss_rpn_cls: 0.0415  loss_rpn_bbox: 0.0957  loss_cls: 0.3277  acc: 86.8530  loss_bbox: 0.4062
2025/05/28 12:55:25 - mmengine - INFO - Epoch(train)  [4][200/203]  base_lr: 1.0000e-04 lr: 7.1790e-06  eta: 4:17:01  time: 9.5723  data_time: 0.0231  memory: 35011  loss: 0.8711  loss_rpn_cls: 0.0428  loss_rpn_bbox: 0.0957  loss_cls: 0.3283  acc: 85.6934  loss_bbox: 0.4042
2025/05/28 12:55:46 - mmengine - INFO - Exp name: faster_rcnn_rvsa_l_800_mae_mtp_icip_20250528_104445
2025/05/28 13:03:44 - mmengine - INFO - Epoch(train)  [5][ 50/203]  base_lr: 1.0000e-04 lr: 7.1790e-06  eta: 4:08:32  time: 9.5650  data_time: 0.0260  memory: 35011  loss: 0.8297  loss_rpn_cls: 0.0375  loss_rpn_bbox: 0.0919  loss_cls: 0.3105  acc: 87.6099  loss_bbox: 0.3897
2025/05/28 13:11:42 - mmengine - INFO - Epoch(train)  [5][100/203]  base_lr: 1.0000e-04 lr: 7.1790e-06  eta: 4:00:46  time: 9.5647  data_time: 0.0256  memory: 35011  loss: 0.8442  loss_rpn_cls: 0.0365  loss_rpn_bbox: 0.0894  loss_cls: 0.3233  acc: 85.0342  loss_bbox: 0.3950
2025/05/28 13:19:40 - mmengine - INFO - Epoch(train)  [5][150/203]  base_lr: 1.0000e-04 lr: 7.1790e-06  eta: 3:52:58  time: 9.5558  data_time: 0.0220  memory: 35011  loss: 0.8342  loss_rpn_cls: 0.0368  loss_rpn_bbox: 0.0910  loss_cls: 0.3144  acc: 86.5112  loss_bbox: 0.3921
2025/05/28 13:25:43 - mmengine - INFO - Exp name: faster_rcnn_rvsa_l_800_mae_mtp_icip_20250528_104445
2025/05/28 13:27:38 - mmengine - INFO - Epoch(train)  [5][200/203]  base_lr: 1.0000e-04 lr: 7.1790e-06  eta: 3:45:09  time: 9.5577  data_time: 0.0218  memory: 35011  loss: 0.8249  loss_rpn_cls: 0.0360  loss_rpn_bbox: 0.0898  loss_cls: 0.3128  acc: 86.7920  loss_bbox: 0.3861
2025/05/28 13:27:58 - mmengine - INFO - Exp name: faster_rcnn_rvsa_l_800_mae_mtp_icip_20250528_104445
2025/05/28 13:35:57 - mmengine - INFO - Epoch(train)  [6][ 50/203]  base_lr: 1.0000e-04 lr: 7.1790e-06  eta: 3:36:41  time: 9.5703  data_time: 0.0265  memory: 35011  loss: 0.8102  loss_rpn_cls: 0.0329  loss_rpn_bbox: 0.0877  loss_cls: 0.3054  acc: 87.7319  loss_bbox: 0.3842
2025/05/28 13:43:55 - mmengine - INFO - Epoch(train)  [6][100/203]  base_lr: 1.0000e-04 lr: 7.1790e-06  eta: 3:28:52  time: 9.5596  data_time: 0.0243  memory: 35011  loss: 0.8070  loss_rpn_cls: 0.0349  loss_rpn_bbox: 0.0858  loss_cls: 0.3060  acc: 88.1958  loss_bbox: 0.3802
2025/05/28 13:51:53 - mmengine - INFO - Epoch(train)  [6][150/203]  base_lr: 1.0000e-04 lr: 7.1790e-06  eta: 3:21:01  time: 9.5567  data_time: 0.0225  memory: 35011  loss: 0.7860  loss_rpn_cls: 0.0315  loss_rpn_bbox: 0.0822  loss_cls: 0.2974  acc: 86.4746  loss_bbox: 0.3751
2025/05/28 13:59:51 - mmengine - INFO - Epoch(train)  [6][200/203]  base_lr: 1.0000e-04 lr: 7.1790e-06  eta: 3:13:10  time: 9.5593  data_time: 0.0228  memory: 35011  loss: 0.7954  loss_rpn_cls: 0.0326  loss_rpn_bbox: 0.0848  loss_cls: 0.3011  acc: 86.8042  loss_bbox: 0.3769
2025/05/28 14:00:11 - mmengine - INFO - Exp name: faster_rcnn_rvsa_l_800_mae_mtp_icip_20250528_104445
2025/05/28 14:00:11 - mmengine - INFO - Saving checkpoint at 6 epochs
2025/05/28 14:02:18 - mmengine - INFO - Epoch(val)  [6][50/59]    eta: 0:00:21  time: 2.3762  data_time: 0.0253  memory: 35011  
2025/05/28 14:02:37 - mmengine - INFO - Evaluating bbox...
2025/05/28 14:02:46 - mmengine - INFO - bbox_mAP_copypaste: 0.334 0.584 0.349 0.345 0.342 0.315
2025/05/28 14:02:46 - mmengine - INFO - Epoch(val) [6][59/59]    coco/bbox_mAP: 0.3340  coco/bbox_mAP_50: 0.5840  coco/bbox_mAP_75: 0.3490  coco/bbox_mAP_s: 0.3450  coco/bbox_mAP_m: 0.3420  coco/bbox_mAP_l: 0.3150  data_time: 0.0229  time: 2.3018
2025/05/28 14:10:44 - mmengine - INFO - Epoch(train)  [7][ 50/203]  base_lr: 1.0000e-04 lr: 7.1790e-06  eta: 3:04:43  time: 9.5620  data_time: 0.0252  memory: 35011  loss: 0.7749  loss_rpn_cls: 0.0288  loss_rpn_bbox: 0.0827  loss_cls: 0.2921  acc: 86.9141  loss_bbox: 0.3712
2025/05/28 14:18:42 - mmengine - INFO - Epoch(train)  [7][100/203]  base_lr: 1.0000e-04 lr: 7.1790e-06  eta: 2:56:52  time: 9.5693  data_time: 0.0256  memory: 35011  loss: 0.7625  loss_rpn_cls: 0.0317  loss_rpn_bbox: 0.0809  loss_cls: 0.2907  acc: 87.8540  loss_bbox: 0.3592
2025/05/28 14:26:41 - mmengine - INFO - Epoch(train)  [7][150/203]  base_lr: 1.0000e-04 lr: 7.1790e-06  eta: 2:49:00  time: 9.5744  data_time: 0.0223  memory: 35011  loss: 0.7706  loss_rpn_cls: 0.0296  loss_rpn_bbox: 0.0845  loss_cls: 0.2910  acc: 86.7310  loss_bbox: 0.3654
2025/05/28 14:34:39 - mmengine - INFO - Epoch(train)  [7][200/203]  base_lr: 1.0000e-04 lr: 7.1790e-06  eta: 2:41:08  time: 9.5639  data_time: 0.0216  memory: 35011  loss: 0.7377  loss_rpn_cls: 0.0280  loss_rpn_bbox: 0.0771  loss_cls: 0.2796  acc: 87.2803  loss_bbox: 0.3530
2025/05/28 14:35:00 - mmengine - INFO - Exp name: faster_rcnn_rvsa_l_800_mae_mtp_icip_20250528_104445
2025/05/28 14:42:58 - mmengine - INFO - Epoch(train)  [8][ 50/203]  base_lr: 1.0000e-04 lr: 7.1790e-06  eta: 2:32:42  time: 9.5664  data_time: 0.0255  memory: 35011  loss: 0.7434  loss_rpn_cls: 0.0263  loss_rpn_bbox: 0.0778  loss_cls: 0.2851  acc: 87.0728  loss_bbox: 0.3542
2025/05/28 14:50:57 - mmengine - INFO - Epoch(train)  [8][100/203]  base_lr: 1.0000e-04 lr: 7.1790e-06  eta: 2:24:49  time: 9.5689  data_time: 0.0232  memory: 35011  loss: 0.7406  loss_rpn_cls: 0.0277  loss_rpn_bbox: 0.0789  loss_cls: 0.2796  acc: 86.6699  loss_bbox: 0.3544
2025/05/28 14:58:55 - mmengine - INFO - Epoch(train)  [8][150/203]  base_lr: 1.0000e-04 lr: 7.1790e-06  eta: 2:16:57  time: 9.5765  data_time: 0.0247  memory: 35011  loss: 0.7367  loss_rpn_cls: 0.0285  loss_rpn_bbox: 0.0769  loss_cls: 0.2783  acc: 89.7217  loss_bbox: 0.3529
2025/05/28 15:06:54 - mmengine - INFO - Epoch(train)  [8][200/203]  base_lr: 1.0000e-04 lr: 7.1790e-06  eta: 2:09:03  time: 9.5676  data_time: 0.0223  memory: 35011  loss: 0.7320  loss_rpn_cls: 0.0268  loss_rpn_bbox: 0.0765  loss_cls: 0.2760  acc: 89.3188  loss_bbox: 0.3527
2025/05/28 15:07:14 - mmengine - INFO - Exp name: faster_rcnn_rvsa_l_800_mae_mtp_icip_20250528_104445
2025/05/28 15:15:13 - mmengine - INFO - Epoch(train)  [9][ 50/203]  base_lr: 1.0000e-05 lr: 7.1790e-07  eta: 2:00:38  time: 9.5748  data_time: 0.0275  memory: 35011  loss: 0.6975  loss_rpn_cls: 0.0259  loss_rpn_bbox: 0.0745  loss_cls: 0.2642  acc: 89.9292  loss_bbox: 0.3330
2025/05/28 15:23:11 - mmengine - INFO - Epoch(train)  [9][100/203]  base_lr: 1.0000e-05 lr: 7.1790e-07  eta: 1:52:44  time: 9.5681  data_time: 0.0226  memory: 35011  loss: 0.6873  loss_rpn_cls: 0.0237  loss_rpn_bbox: 0.0711  loss_cls: 0.2610  acc: 88.6108  loss_bbox: 0.3315
2025/05/28 15:31:10 - mmengine - INFO - Epoch(train)  [9][150/203]  base_lr: 1.0000e-05 lr: 7.1790e-07  eta: 1:44:51  time: 9.5738  data_time: 0.0230  memory: 35011  loss: 0.6948  loss_rpn_cls: 0.0245  loss_rpn_bbox: 0.0702  loss_cls: 0.2636  acc: 90.1733  loss_bbox: 0.3365
2025/05/28 15:39:07 - mmengine - INFO - Epoch(train)  [9][200/203]  base_lr: 1.0000e-05 lr: 7.1790e-07  eta: 1:36:56  time: 9.5274  data_time: 0.0230  memory: 35011  loss: 0.6838  loss_rpn_cls: 0.0237  loss_rpn_bbox: 0.0716  loss_cls: 0.2576  acc: 89.2456  loss_bbox: 0.3309
2025/05/28 15:39:27 - mmengine - INFO - Exp name: faster_rcnn_rvsa_l_800_mae_mtp_icip_20250528_104445
2025/05/28 15:39:27 - mmengine - INFO - Saving checkpoint at 9 epochs
2025/05/28 15:41:32 - mmengine - INFO - Epoch(val)  [9][50/59]    eta: 0:00:21  time: 2.3427  data_time: 0.0262  memory: 35011  
2025/05/28 15:41:51 - mmengine - INFO - Evaluating bbox...
2025/05/28 15:41:59 - mmengine - INFO - bbox_mAP_copypaste: 0.373 0.610 0.415 0.370 0.368 0.341
2025/05/28 15:41:59 - mmengine - INFO - Epoch(val) [9][59/59]    coco/bbox_mAP: 0.3730  coco/bbox_mAP_50: 0.6100  coco/bbox_mAP_75: 0.4150  coco/bbox_mAP_s: 0.3700  coco/bbox_mAP_m: 0.3680  coco/bbox_mAP_l: 0.3410  data_time: 0.0238  time: 2.2685
2025/05/28 15:49:51 - mmengine - INFO - Epoch(train) [10][ 50/203]  base_lr: 1.0000e-05 lr: 7.1790e-07  eta: 1:28:29  time: 9.4297  data_time: 0.0265  memory: 35011  loss: 0.6936  loss_rpn_cls: 0.0248  loss_rpn_bbox: 0.0729  loss_cls: 0.2633  acc: 87.4512  loss_bbox: 0.3325
2025/05/28 15:57:42 - mmengine - INFO - Epoch(train) [10][100/203]  base_lr: 1.0000e-05 lr: 7.1790e-07  eta: 1:20:33  time: 9.4272  data_time: 0.0245  memory: 35011  loss: 0.6758  loss_rpn_cls: 0.0237  loss_rpn_bbox: 0.0708  loss_cls: 0.2543  acc: 89.0015  loss_bbox: 0.3270
2025/05/28 16:05:34 - mmengine - INFO - Epoch(train) [10][150/203]  base_lr: 1.0000e-05 lr: 7.1790e-07  eta: 1:12:37  time: 9.4296  data_time: 0.0238  memory: 35011  loss: 0.6855  loss_rpn_cls: 0.0230  loss_rpn_bbox: 0.0698  loss_cls: 0.2619  acc: 88.3423  loss_bbox: 0.3308
2025/05/28 16:09:10 - mmengine - INFO - Exp name: faster_rcnn_rvsa_l_800_mae_mtp_icip_20250528_104445
2025/05/28 16:13:25 - mmengine - INFO - Epoch(train) [10][200/203]  base_lr: 1.0000e-05 lr: 7.1790e-07  eta: 1:04:42  time: 9.4245  data_time: 0.0231  memory: 35011  loss: 0.6626  loss_rpn_cls: 0.0239  loss_rpn_bbox: 0.0679  loss_cls: 0.2528  acc: 88.1958  loss_bbox: 0.3181
2025/05/28 16:13:45 - mmengine - INFO - Exp name: faster_rcnn_rvsa_l_800_mae_mtp_icip_20250528_104445
2025/05/28 16:21:37 - mmengine - INFO - Epoch(train) [11][ 50/203]  base_lr: 1.0000e-05 lr: 7.1790e-07  eta: 0:56:17  time: 9.4330  data_time: 0.0304  memory: 35011  loss: 0.6776  loss_rpn_cls: 0.0227  loss_rpn_bbox: 0.0713  loss_cls: 0.2578  acc: 89.3799  loss_bbox: 0.3258
2025/05/28 16:29:28 - mmengine - INFO - Epoch(train) [11][100/203]  base_lr: 1.0000e-05 lr: 7.1790e-07  eta: 0:48:22  time: 9.4291  data_time: 0.0230  memory: 35011  loss: 0.6768  loss_rpn_cls: 0.0237  loss_rpn_bbox: 0.0693  loss_cls: 0.2563  acc: 89.6606  loss_bbox: 0.3275
2025/05/28 16:37:20 - mmengine - INFO - Epoch(train) [11][150/203]  base_lr: 1.0000e-05 lr: 7.1790e-07  eta: 0:40:27  time: 9.4332  data_time: 0.0227  memory: 35011  loss: 0.6725  loss_rpn_cls: 0.0238  loss_rpn_bbox: 0.0698  loss_cls: 0.2558  acc: 90.2100  loss_bbox: 0.3231
2025/05/28 16:45:11 - mmengine - INFO - Epoch(train) [11][200/203]  base_lr: 1.0000e-05 lr: 7.1790e-07  eta: 0:32:33  time: 9.4238  data_time: 0.0221  memory: 35011  loss: 0.6688  loss_rpn_cls: 0.0223  loss_rpn_bbox: 0.0691  loss_cls: 0.2558  acc: 88.4888  loss_bbox: 0.3216
2025/05/28 16:45:31 - mmengine - INFO - Exp name: faster_rcnn_rvsa_l_800_mae_mtp_icip_20250528_104445
2025/05/28 16:53:24 - mmengine - INFO - Epoch(train) [12][ 50/203]  base_lr: 1.0000e-06 lr: 7.1790e-08  eta: 0:24:10  time: 9.4533  data_time: 0.0253  memory: 35011  loss: 0.6707  loss_rpn_cls: 0.0234  loss_rpn_bbox: 0.0691  loss_cls: 0.2565  acc: 89.6362  loss_bbox: 0.3216
2025/05/28 17:01:17 - mmengine - INFO - Epoch(train) [12][100/203]  base_lr: 1.0000e-06 lr: 7.1790e-08  eta: 0:16:16  time: 9.4565  data_time: 0.0239  memory: 35011  loss: 0.6697  loss_rpn_cls: 0.0228  loss_rpn_bbox: 0.0687  loss_cls: 0.2537  acc: 87.8418  loss_bbox: 0.3245
2025/05/28 17:09:09 - mmengine - INFO - Epoch(train) [12][150/203]  base_lr: 1.0000e-06 lr: 7.1790e-08  eta: 0:08:22  time: 9.4567  data_time: 0.0233  memory: 35011  loss: 0.6659  loss_rpn_cls: 0.0220  loss_rpn_bbox: 0.0692  loss_cls: 0.2541  acc: 88.9282  loss_bbox: 0.3206
2025/05/28 17:17:06 - mmengine - INFO - Epoch(train) [12][200/203]  base_lr: 1.0000e-06 lr: 7.1790e-08  eta: 0:00:28  time: 9.5378  data_time: 0.0225  memory: 35011  loss: 0.6645  loss_rpn_cls: 0.0238  loss_rpn_bbox: 0.0681  loss_cls: 0.2520  acc: 90.2954  loss_bbox: 0.3206
2025/05/28 17:17:27 - mmengine - INFO - Exp name: faster_rcnn_rvsa_l_800_mae_mtp_icip_20250528_104445
2025/05/28 17:17:27 - mmengine - INFO - Saving checkpoint at 12 epochs
2025/05/28 17:19:33 - mmengine - INFO - Epoch(val) [12][50/59]    eta: 0:00:21  time: 2.3754  data_time: 0.0237  memory: 35011  
2025/05/28 17:19:53 - mmengine - INFO - Evaluating bbox...
2025/05/28 17:20:01 - mmengine - INFO - bbox_mAP_copypaste: 0.381 0.625 0.427 0.378 0.390 0.350
2025/05/28 17:20:01 - mmengine - INFO - Epoch(val) [12][59/59]    coco/bbox_mAP: 0.3810  coco/bbox_mAP_50: 0.6250  coco/bbox_mAP_75: 0.4270  coco/bbox_mAP_s: 0.3780  coco/bbox_mAP_m: 0.3900  coco/bbox_mAP_l: 0.3500  data_time: 0.0228  time: 2.3023
